[0.949s] DEBUG:colcon:Command line arguments: ['/usr/bin/colcon', 'build', '--symlink-install']
[0.949s] DEBUG:colcon:Parsed command line arguments: Namespace(log_base=None, log_level=None, verb_name='build', build_base='build', install_base='install', merge_install=False, symlink_install=True, test_result_base=None, continue_on_error=False, executor='parallel', parallel_workers=16, event_handlers=None, ignore_user_meta=False, metas=['./colcon.meta'], base_paths=['.'], packages_ignore=None, packages_ignore_regex=None, paths=None, packages_up_to=None, packages_up_to_regex=None, packages_above=None, packages_above_and_dependencies=None, packages_above_depth=None, packages_select_by_dep=None, packages_skip_by_dep=None, packages_skip_up_to=None, packages_select_build_failed=False, packages_skip_build_finished=False, packages_select_test_failures=False, packages_skip_test_passed=False, packages_select=None, packages_skip=None, packages_select_regex=None, packages_skip_regex=None, packages_start=None, packages_end=None, allow_overriding=[], cmake_args=None, cmake_target=None, cmake_target_skip_unavailable=False, cmake_clean_cache=False, cmake_clean_first=False, cmake_force_configure=False, ament_cmake_args=None, catkin_cmake_args=None, catkin_skip_building_tests=False, mixin_files=None, mixin=None, verb_parser=<colcon_mixin.mixin.mixin_argument.MixinArgumentDecorator object at 0x7f5ffe3e2620>, verb_extension=<colcon_core.verb.build.BuildVerb object at 0x7f5ffe3e2920>, main=<bound method BuildVerb.main of <colcon_core.verb.build.BuildVerb object at 0x7f5ffe3e2920>>, mixin_verb=('build',))
[0.981s] Level 1:colcon.colcon_core.package_discovery:discover_packages(colcon_meta) check parameters
[0.981s] Level 1:colcon.colcon_core.package_discovery:discover_packages(recursive) check parameters
[0.981s] Level 1:colcon.colcon_core.package_discovery:discover_packages(ignore) check parameters
[0.981s] Level 1:colcon.colcon_core.package_discovery:discover_packages(path) check parameters
[0.981s] Level 1:colcon.colcon_core.package_discovery:discover_packages(colcon_meta) discover
[0.981s] Level 1:colcon.colcon_core.package_discovery:discover_packages(recursive) discover
[0.981s] INFO:colcon.colcon_core.package_discovery:Crawling recursively for packages in '/home/noobinventor/parc_ws/src'
[0.981s] Level 1:colcon.colcon_core.package_identification:_identify(.) by extensions ['ignore', 'ignore_ament_install']
[0.981s] Level 1:colcon.colcon_core.package_identification:_identify(.) by extension 'ignore'
[0.981s] Level 1:colcon.colcon_core.package_identification:_identify(.) by extension 'ignore_ament_install'
[0.981s] Level 1:colcon.colcon_core.package_identification:_identify(.) by extensions ['colcon_pkg']
[0.981s] Level 1:colcon.colcon_core.package_identification:_identify(.) by extension 'colcon_pkg'
[0.981s] Level 1:colcon.colcon_core.package_identification:_identify(.) by extensions ['colcon_meta']
[0.981s] Level 1:colcon.colcon_core.package_identification:_identify(.) by extension 'colcon_meta'
[0.981s] Level 1:colcon.colcon_core.package_identification:_identify(.) by extensions ['ros']
[0.981s] Level 1:colcon.colcon_core.package_identification:_identify(.) by extension 'ros'
[0.988s] Level 1:colcon.colcon_core.package_identification:_identify(.) by extensions ['cmake', 'python']
[0.988s] Level 1:colcon.colcon_core.package_identification:_identify(.) by extension 'cmake'
[0.988s] Level 1:colcon.colcon_core.package_identification:_identify(.) by extension 'python'
[0.988s] Level 1:colcon.colcon_core.package_identification:_identify(.) by extensions ['python_setup_py']
[0.988s] Level 1:colcon.colcon_core.package_identification:_identify(.) by extension 'python_setup_py'
[0.988s] Level 1:colcon.colcon_core.package_identification:_identify(build) by extensions ['ignore', 'ignore_ament_install']
[0.988s] Level 1:colcon.colcon_core.package_identification:_identify(build) by extension 'ignore'
[0.988s] Level 1:colcon.colcon_core.package_identification:_identify(build) ignored
[0.988s] Level 1:colcon.colcon_core.package_identification:_identify(install) by extensions ['ignore', 'ignore_ament_install']
[0.988s] Level 1:colcon.colcon_core.package_identification:_identify(install) by extension 'ignore'
[0.988s] Level 1:colcon.colcon_core.package_identification:_identify(install) ignored
[0.988s] Level 1:colcon.colcon_core.package_identification:_identify(log) by extensions ['ignore', 'ignore_ament_install']
[0.988s] Level 1:colcon.colcon_core.package_identification:_identify(log) by extension 'ignore'
[0.988s] Level 1:colcon.colcon_core.package_identification:_identify(log) ignored
[0.988s] Level 1:colcon.colcon_core.package_identification:_identify(parc_robot) by extensions ['ignore', 'ignore_ament_install']
[0.988s] Level 1:colcon.colcon_core.package_identification:_identify(parc_robot) by extension 'ignore'
[0.988s] Level 1:colcon.colcon_core.package_identification:_identify(parc_robot) by extension 'ignore_ament_install'
[0.988s] Level 1:colcon.colcon_core.package_identification:_identify(parc_robot) by extensions ['colcon_pkg']
[0.988s] Level 1:colcon.colcon_core.package_identification:_identify(parc_robot) by extension 'colcon_pkg'
[0.988s] Level 1:colcon.colcon_core.package_identification:_identify(parc_robot) by extensions ['colcon_meta']
[0.988s] Level 1:colcon.colcon_core.package_identification:_identify(parc_robot) by extension 'colcon_meta'
[0.989s] Level 1:colcon.colcon_core.package_identification:_identify(parc_robot) by extensions ['ros']
[0.989s] Level 1:colcon.colcon_core.package_identification:_identify(parc_robot) by extension 'ros'
[0.990s] DEBUG:colcon.colcon_core.package_identification:Package 'parc_robot' with type 'ros.ament_python' and name 'parc_robot'
[0.990s] Level 1:colcon.colcon_core.package_identification:_identify(parc_robot_bringup) by extensions ['ignore', 'ignore_ament_install']
[0.990s] Level 1:colcon.colcon_core.package_identification:_identify(parc_robot_bringup) by extension 'ignore'
[0.990s] Level 1:colcon.colcon_core.package_identification:_identify(parc_robot_bringup) by extension 'ignore_ament_install'
[0.990s] Level 1:colcon.colcon_core.package_identification:_identify(parc_robot_bringup) by extensions ['colcon_pkg']
[0.990s] Level 1:colcon.colcon_core.package_identification:_identify(parc_robot_bringup) by extension 'colcon_pkg'
[0.990s] Level 1:colcon.colcon_core.package_identification:_identify(parc_robot_bringup) by extensions ['colcon_meta']
[0.990s] Level 1:colcon.colcon_core.package_identification:_identify(parc_robot_bringup) by extension 'colcon_meta'
[0.990s] Level 1:colcon.colcon_core.package_identification:_identify(parc_robot_bringup) by extensions ['ros']
[0.990s] Level 1:colcon.colcon_core.package_identification:_identify(parc_robot_bringup) by extension 'ros'
[0.990s] DEBUG:colcon.colcon_core.package_identification:Package 'parc_robot_bringup' with type 'ros.ament_python' and name 'parc_robot_bringup'
[0.990s] Level 1:colcon.colcon_core.package_identification:_identify(parc_robot_control) by extensions ['ignore', 'ignore_ament_install']
[0.991s] Level 1:colcon.colcon_core.package_identification:_identify(parc_robot_control) by extension 'ignore'
[0.991s] Level 1:colcon.colcon_core.package_identification:_identify(parc_robot_control) by extension 'ignore_ament_install'
[0.991s] Level 1:colcon.colcon_core.package_identification:_identify(parc_robot_control) by extensions ['colcon_pkg']
[0.991s] Level 1:colcon.colcon_core.package_identification:_identify(parc_robot_control) by extension 'colcon_pkg'
[0.991s] Level 1:colcon.colcon_core.package_identification:_identify(parc_robot_control) by extensions ['colcon_meta']
[0.991s] Level 1:colcon.colcon_core.package_identification:_identify(parc_robot_control) by extension 'colcon_meta'
[0.991s] Level 1:colcon.colcon_core.package_identification:_identify(parc_robot_control) by extensions ['ros']
[0.991s] Level 1:colcon.colcon_core.package_identification:_identify(parc_robot_control) by extension 'ros'
[0.991s] DEBUG:colcon.colcon_core.package_identification:Package 'parc_robot_control' with type 'ros.ament_python' and name 'parc_robot_control'
[0.991s] Level 1:colcon.colcon_core.package_identification:_identify(parc_robot_description) by extensions ['ignore', 'ignore_ament_install']
[0.991s] Level 1:colcon.colcon_core.package_identification:_identify(parc_robot_description) by extension 'ignore'
[0.991s] Level 1:colcon.colcon_core.package_identification:_identify(parc_robot_description) by extension 'ignore_ament_install'
[0.991s] Level 1:colcon.colcon_core.package_identification:_identify(parc_robot_description) by extensions ['colcon_pkg']
[0.991s] Level 1:colcon.colcon_core.package_identification:_identify(parc_robot_description) by extension 'colcon_pkg'
[0.991s] Level 1:colcon.colcon_core.package_identification:_identify(parc_robot_description) by extensions ['colcon_meta']
[0.991s] Level 1:colcon.colcon_core.package_identification:_identify(parc_robot_description) by extension 'colcon_meta'
[0.991s] Level 1:colcon.colcon_core.package_identification:_identify(parc_robot_description) by extensions ['ros']
[0.991s] Level 1:colcon.colcon_core.package_identification:_identify(parc_robot_description) by extension 'ros'
[0.991s] DEBUG:colcon.colcon_core.package_identification:Package 'parc_robot_description' with type 'ros.ament_cmake' and name 'parc_robot_description'
[0.991s] Level 1:colcon.colcon_core.package_identification:_identify(parc_robot_gazebo) by extensions ['ignore', 'ignore_ament_install']
[0.992s] Level 1:colcon.colcon_core.package_identification:_identify(parc_robot_gazebo) by extension 'ignore'
[0.992s] Level 1:colcon.colcon_core.package_identification:_identify(parc_robot_gazebo) by extension 'ignore_ament_install'
[0.992s] Level 1:colcon.colcon_core.package_identification:_identify(parc_robot_gazebo) by extensions ['colcon_pkg']
[0.992s] Level 1:colcon.colcon_core.package_identification:_identify(parc_robot_gazebo) by extension 'colcon_pkg'
[0.992s] Level 1:colcon.colcon_core.package_identification:_identify(parc_robot_gazebo) by extensions ['colcon_meta']
[0.992s] Level 1:colcon.colcon_core.package_identification:_identify(parc_robot_gazebo) by extension 'colcon_meta'
[0.992s] Level 1:colcon.colcon_core.package_identification:_identify(parc_robot_gazebo) by extensions ['ros']
[0.992s] Level 1:colcon.colcon_core.package_identification:_identify(parc_robot_gazebo) by extension 'ros'
[0.992s] DEBUG:colcon.colcon_core.package_identification:Package 'parc_robot_gazebo' with type 'ros.ament_python' and name 'parc_robot_gazebo'
[0.992s] Level 1:colcon.colcon_core.package_discovery:discover_packages(recursive) using defaults
[0.992s] Level 1:colcon.colcon_core.package_discovery:discover_packages(ignore) discover
[0.992s] Level 1:colcon.colcon_core.package_discovery:discover_packages(ignore) using defaults
[0.992s] Level 1:colcon.colcon_core.package_discovery:discover_packages(path) discover
[0.992s] Level 1:colcon.colcon_core.package_discovery:discover_packages(path) using defaults
[1.058s] Level 1:colcon.colcon_core.package_discovery:discover_packages(prefix_path) check parameters
[1.058s] Level 1:colcon.colcon_core.package_discovery:discover_packages(prefix_path) discover
[1.080s] DEBUG:colcon.colcon_installed_package_information.package_discovery:Found 5 installed packages in /home/noobinventor/parc_ws/install
[1.091s] DEBUG:colcon.colcon_installed_package_information.package_discovery:Found 9 installed packages in /home/noobinventor/akabot_ws/install
[1.101s] DEBUG:colcon.colcon_installed_package_information.package_discovery:Found 8 installed packages in /home/noobinventor/lidarbot_ws/install
[1.112s] DEBUG:colcon.colcon_installed_package_information.package_discovery:Found 2 installed packages in /home/noobinventor/forklift_ws/install
[1.122s] DEBUG:colcon.colcon_installed_package_information.package_discovery:Found 4 installed packages in /home/noobinventor/mpu_ws/install
[1.133s] DEBUG:colcon.colcon_installed_package_information.package_discovery:Found 421 installed packages in /opt/ros/humble
[1.134s] Level 1:colcon.colcon_core.package_discovery:discover_packages(prefix_path) using defaults
[1.197s] Level 5:colcon.colcon_core.verb:set package 'parc_robot' build argument 'cmake_args' from command line to 'None'
[1.197s] Level 5:colcon.colcon_core.verb:set package 'parc_robot' build argument 'cmake_target' from command line to 'None'
[1.197s] Level 5:colcon.colcon_core.verb:set package 'parc_robot' build argument 'cmake_target_skip_unavailable' from command line to 'False'
[1.197s] Level 5:colcon.colcon_core.verb:set package 'parc_robot' build argument 'cmake_clean_cache' from command line to 'False'
[1.197s] Level 5:colcon.colcon_core.verb:set package 'parc_robot' build argument 'cmake_clean_first' from command line to 'False'
[1.197s] Level 5:colcon.colcon_core.verb:set package 'parc_robot' build argument 'cmake_force_configure' from command line to 'False'
[1.197s] Level 5:colcon.colcon_core.verb:set package 'parc_robot' build argument 'ament_cmake_args' from command line to 'None'
[1.197s] Level 5:colcon.colcon_core.verb:set package 'parc_robot' build argument 'catkin_cmake_args' from command line to 'None'
[1.197s] Level 5:colcon.colcon_core.verb:set package 'parc_robot' build argument 'catkin_skip_building_tests' from command line to 'False'
[1.197s] DEBUG:colcon.colcon_core.verb:Building package 'parc_robot' with the following arguments: {'ament_cmake_args': None, 'build_base': '/home/noobinventor/parc_ws/src/build/parc_robot', 'catkin_cmake_args': None, 'catkin_skip_building_tests': False, 'cmake_args': None, 'cmake_clean_cache': False, 'cmake_clean_first': False, 'cmake_force_configure': False, 'cmake_target': None, 'cmake_target_skip_unavailable': False, 'install_base': '/home/noobinventor/parc_ws/src/install/parc_robot', 'merge_install': False, 'path': '/home/noobinventor/parc_ws/src/parc_robot', 'symlink_install': True, 'test_result_base': None}
[1.208s] Level 5:colcon.colcon_core.verb:set package 'parc_robot_bringup' build argument 'cmake_args' from command line to 'None'
[1.208s] Level 5:colcon.colcon_core.verb:set package 'parc_robot_bringup' build argument 'cmake_target' from command line to 'None'
[1.208s] Level 5:colcon.colcon_core.verb:set package 'parc_robot_bringup' build argument 'cmake_target_skip_unavailable' from command line to 'False'
[1.208s] Level 5:colcon.colcon_core.verb:set package 'parc_robot_bringup' build argument 'cmake_clean_cache' from command line to 'False'
[1.208s] Level 5:colcon.colcon_core.verb:set package 'parc_robot_bringup' build argument 'cmake_clean_first' from command line to 'False'
[1.208s] Level 5:colcon.colcon_core.verb:set package 'parc_robot_bringup' build argument 'cmake_force_configure' from command line to 'False'
[1.208s] Level 5:colcon.colcon_core.verb:set package 'parc_robot_bringup' build argument 'ament_cmake_args' from command line to 'None'
[1.208s] Level 5:colcon.colcon_core.verb:set package 'parc_robot_bringup' build argument 'catkin_cmake_args' from command line to 'None'
[1.208s] Level 5:colcon.colcon_core.verb:set package 'parc_robot_bringup' build argument 'catkin_skip_building_tests' from command line to 'False'
[1.209s] DEBUG:colcon.colcon_core.verb:Building package 'parc_robot_bringup' with the following arguments: {'ament_cmake_args': None, 'build_base': '/home/noobinventor/parc_ws/src/build/parc_robot_bringup', 'catkin_cmake_args': None, 'catkin_skip_building_tests': False, 'cmake_args': None, 'cmake_clean_cache': False, 'cmake_clean_first': False, 'cmake_force_configure': False, 'cmake_target': None, 'cmake_target_skip_unavailable': False, 'install_base': '/home/noobinventor/parc_ws/src/install/parc_robot_bringup', 'merge_install': False, 'path': '/home/noobinventor/parc_ws/src/parc_robot_bringup', 'symlink_install': True, 'test_result_base': None}
[1.219s] Level 5:colcon.colcon_core.verb:set package 'parc_robot_control' build argument 'cmake_args' from command line to 'None'
[1.219s] Level 5:colcon.colcon_core.verb:set package 'parc_robot_control' build argument 'cmake_target' from command line to 'None'
[1.219s] Level 5:colcon.colcon_core.verb:set package 'parc_robot_control' build argument 'cmake_target_skip_unavailable' from command line to 'False'
[1.219s] Level 5:colcon.colcon_core.verb:set package 'parc_robot_control' build argument 'cmake_clean_cache' from command line to 'False'
[1.219s] Level 5:colcon.colcon_core.verb:set package 'parc_robot_control' build argument 'cmake_clean_first' from command line to 'False'
[1.219s] Level 5:colcon.colcon_core.verb:set package 'parc_robot_control' build argument 'cmake_force_configure' from command line to 'False'
[1.219s] Level 5:colcon.colcon_core.verb:set package 'parc_robot_control' build argument 'ament_cmake_args' from command line to 'None'
[1.219s] Level 5:colcon.colcon_core.verb:set package 'parc_robot_control' build argument 'catkin_cmake_args' from command line to 'None'
[1.219s] Level 5:colcon.colcon_core.verb:set package 'parc_robot_control' build argument 'catkin_skip_building_tests' from command line to 'False'
[1.219s] DEBUG:colcon.colcon_core.verb:Building package 'parc_robot_control' with the following arguments: {'ament_cmake_args': None, 'build_base': '/home/noobinventor/parc_ws/src/build/parc_robot_control', 'catkin_cmake_args': None, 'catkin_skip_building_tests': False, 'cmake_args': None, 'cmake_clean_cache': False, 'cmake_clean_first': False, 'cmake_force_configure': False, 'cmake_target': None, 'cmake_target_skip_unavailable': False, 'install_base': '/home/noobinventor/parc_ws/src/install/parc_robot_control', 'merge_install': False, 'path': '/home/noobinventor/parc_ws/src/parc_robot_control', 'symlink_install': True, 'test_result_base': None}
[1.230s] Level 5:colcon.colcon_core.verb:set package 'parc_robot_description' build argument 'cmake_args' from command line to 'None'
[1.230s] Level 5:colcon.colcon_core.verb:set package 'parc_robot_description' build argument 'cmake_target' from command line to 'None'
[1.230s] Level 5:colcon.colcon_core.verb:set package 'parc_robot_description' build argument 'cmake_target_skip_unavailable' from command line to 'False'
[1.230s] Level 5:colcon.colcon_core.verb:set package 'parc_robot_description' build argument 'cmake_clean_cache' from command line to 'False'
[1.230s] Level 5:colcon.colcon_core.verb:set package 'parc_robot_description' build argument 'cmake_clean_first' from command line to 'False'
[1.230s] Level 5:colcon.colcon_core.verb:set package 'parc_robot_description' build argument 'cmake_force_configure' from command line to 'False'
[1.230s] Level 5:colcon.colcon_core.verb:set package 'parc_robot_description' build argument 'ament_cmake_args' from command line to 'None'
[1.230s] Level 5:colcon.colcon_core.verb:set package 'parc_robot_description' build argument 'catkin_cmake_args' from command line to 'None'
[1.230s] Level 5:colcon.colcon_core.verb:set package 'parc_robot_description' build argument 'catkin_skip_building_tests' from command line to 'False'
[1.230s] DEBUG:colcon.colcon_core.verb:Building package 'parc_robot_description' with the following arguments: {'ament_cmake_args': None, 'build_base': '/home/noobinventor/parc_ws/src/build/parc_robot_description', 'catkin_cmake_args': None, 'catkin_skip_building_tests': False, 'cmake_args': None, 'cmake_clean_cache': False, 'cmake_clean_first': False, 'cmake_force_configure': False, 'cmake_target': None, 'cmake_target_skip_unavailable': False, 'install_base': '/home/noobinventor/parc_ws/src/install/parc_robot_description', 'merge_install': False, 'path': '/home/noobinventor/parc_ws/src/parc_robot_description', 'symlink_install': True, 'test_result_base': None}
[1.241s] Level 5:colcon.colcon_core.verb:set package 'parc_robot_gazebo' build argument 'cmake_args' from command line to 'None'
[1.241s] Level 5:colcon.colcon_core.verb:set package 'parc_robot_gazebo' build argument 'cmake_target' from command line to 'None'
[1.241s] Level 5:colcon.colcon_core.verb:set package 'parc_robot_gazebo' build argument 'cmake_target_skip_unavailable' from command line to 'False'
[1.241s] Level 5:colcon.colcon_core.verb:set package 'parc_robot_gazebo' build argument 'cmake_clean_cache' from command line to 'False'
[1.241s] Level 5:colcon.colcon_core.verb:set package 'parc_robot_gazebo' build argument 'cmake_clean_first' from command line to 'False'
[1.241s] Level 5:colcon.colcon_core.verb:set package 'parc_robot_gazebo' build argument 'cmake_force_configure' from command line to 'False'
[1.241s] Level 5:colcon.colcon_core.verb:set package 'parc_robot_gazebo' build argument 'ament_cmake_args' from command line to 'None'
[1.241s] Level 5:colcon.colcon_core.verb:set package 'parc_robot_gazebo' build argument 'catkin_cmake_args' from command line to 'None'
[1.241s] Level 5:colcon.colcon_core.verb:set package 'parc_robot_gazebo' build argument 'catkin_skip_building_tests' from command line to 'False'
[1.241s] DEBUG:colcon.colcon_core.verb:Building package 'parc_robot_gazebo' with the following arguments: {'ament_cmake_args': None, 'build_base': '/home/noobinventor/parc_ws/src/build/parc_robot_gazebo', 'catkin_cmake_args': None, 'catkin_skip_building_tests': False, 'cmake_args': None, 'cmake_clean_cache': False, 'cmake_clean_first': False, 'cmake_force_configure': False, 'cmake_target': None, 'cmake_target_skip_unavailable': False, 'install_base': '/home/noobinventor/parc_ws/src/install/parc_robot_gazebo', 'merge_install': False, 'path': '/home/noobinventor/parc_ws/src/parc_robot_gazebo', 'symlink_install': True, 'test_result_base': None}
[1.251s] INFO:colcon.colcon_core.executor:Executing jobs using 'parallel' executor
[1.262s] DEBUG:colcon.colcon_parallel_executor.executor.parallel:run_until_complete
[1.262s] INFO:colcon.colcon_ros.task.ament_python.build:Building ROS package in '/home/noobinventor/parc_ws/src/parc_robot' with build type 'ament_python'
[1.262s] Level 1:colcon.colcon_core.shell:create_environment_hook('parc_robot', 'ament_prefix_path')
[1.275s] INFO:colcon.colcon_core.plugin_system:Skipping extension 'colcon_core.shell.bat': Not used on non-Windows systems
[1.275s] INFO:colcon.colcon_core.shell:Creating environment hook '/home/noobinventor/parc_ws/src/install/parc_robot/share/parc_robot/hook/ament_prefix_path.ps1'
[1.275s] INFO:colcon.colcon_core.shell:Creating environment descriptor '/home/noobinventor/parc_ws/src/install/parc_robot/share/parc_robot/hook/ament_prefix_path.dsv'
[1.276s] INFO:colcon.colcon_core.shell:Creating environment hook '/home/noobinventor/parc_ws/src/install/parc_robot/share/parc_robot/hook/ament_prefix_path.sh'
[1.287s] INFO:colcon.colcon_core.shell:Skip shell extension 'powershell' for command environment: Not usable outside of PowerShell
[1.287s] DEBUG:colcon.colcon_core.shell:Skip shell extension 'dsv' for command environment
[1.374s] INFO:colcon.colcon_ros.task.ament_python.build:Building ROS package in '/home/noobinventor/parc_ws/src/parc_robot_bringup' with build type 'ament_python'
[1.374s] Level 1:colcon.colcon_core.shell:create_environment_hook('parc_robot_bringup', 'ament_prefix_path')
[1.399s] INFO:colcon.colcon_core.shell:Creating environment hook '/home/noobinventor/parc_ws/src/install/parc_robot_bringup/share/parc_robot_bringup/hook/ament_prefix_path.ps1'
[1.399s] INFO:colcon.colcon_core.shell:Creating environment descriptor '/home/noobinventor/parc_ws/src/install/parc_robot_bringup/share/parc_robot_bringup/hook/ament_prefix_path.dsv'
[1.399s] INFO:colcon.colcon_core.shell:Creating environment hook '/home/noobinventor/parc_ws/src/install/parc_robot_bringup/share/parc_robot_bringup/hook/ament_prefix_path.sh'
[1.411s] INFO:colcon.colcon_core.shell:Skip shell extension 'powershell' for command environment: Not usable outside of PowerShell
[1.411s] DEBUG:colcon.colcon_core.shell:Skip shell extension 'dsv' for command environment
[1.491s] INFO:colcon.colcon_ros.task.ament_python.build:Building ROS package in '/home/noobinventor/parc_ws/src/parc_robot_control' with build type 'ament_python'
[1.491s] Level 1:colcon.colcon_core.shell:create_environment_hook('parc_robot_control', 'ament_prefix_path')
[1.503s] INFO:colcon.colcon_core.shell:Creating environment hook '/home/noobinventor/parc_ws/src/install/parc_robot_control/share/parc_robot_control/hook/ament_prefix_path.ps1'
[1.504s] INFO:colcon.colcon_core.shell:Creating environment descriptor '/home/noobinventor/parc_ws/src/install/parc_robot_control/share/parc_robot_control/hook/ament_prefix_path.dsv'
[1.504s] INFO:colcon.colcon_core.shell:Creating environment hook '/home/noobinventor/parc_ws/src/install/parc_robot_control/share/parc_robot_control/hook/ament_prefix_path.sh'
[1.515s] INFO:colcon.colcon_core.shell:Skip shell extension 'powershell' for command environment: Not usable outside of PowerShell
[1.515s] DEBUG:colcon.colcon_core.shell:Skip shell extension 'dsv' for command environment
[1.596s] INFO:colcon.colcon_ros.task.ament_cmake.build:Building ROS package in '/home/noobinventor/parc_ws/src/parc_robot_description' with build type 'ament_cmake'
[1.597s] INFO:colcon.colcon_cmake.task.cmake.build:Building CMake package in '/home/noobinventor/parc_ws/src/parc_robot_description'
[1.608s] INFO:colcon.colcon_core.shell:Skip shell extension 'powershell' for command environment: Not usable outside of PowerShell
[1.609s] DEBUG:colcon.colcon_core.shell:Skip shell extension 'dsv' for command environment
[1.689s] INFO:colcon.colcon_ros.task.ament_python.build:Building ROS package in '/home/noobinventor/parc_ws/src/parc_robot_gazebo' with build type 'ament_python'
[1.689s] Level 1:colcon.colcon_core.shell:create_environment_hook('parc_robot_gazebo', 'ament_prefix_path')
[1.701s] INFO:colcon.colcon_core.shell:Creating environment hook '/home/noobinventor/parc_ws/src/install/parc_robot_gazebo/share/parc_robot_gazebo/hook/ament_prefix_path.ps1'
[1.701s] INFO:colcon.colcon_core.shell:Creating environment descriptor '/home/noobinventor/parc_ws/src/install/parc_robot_gazebo/share/parc_robot_gazebo/hook/ament_prefix_path.dsv'
[1.702s] INFO:colcon.colcon_core.shell:Creating environment hook '/home/noobinventor/parc_ws/src/install/parc_robot_gazebo/share/parc_robot_gazebo/hook/ament_prefix_path.sh'
[1.713s] INFO:colcon.colcon_core.shell:Skip shell extension 'powershell' for command environment: Not usable outside of PowerShell
[1.713s] DEBUG:colcon.colcon_core.shell:Skip shell extension 'dsv' for command environment
[1.992s] INFO:colcon.colcon_core.task.python.build:Building Python package in '/home/noobinventor/parc_ws/src/parc_robot'
[2.003s] INFO:colcon.colcon_core.shell:Skip shell extension 'powershell' for command environment: Not usable outside of PowerShell
[2.003s] DEBUG:colcon.colcon_core.shell:Skip shell extension 'dsv' for command environment
[2.281s] INFO:colcon.colcon_core.task.python.build:Building Python package in '/home/noobinventor/parc_ws/src/parc_robot_bringup'
[2.292s] INFO:colcon.colcon_core.shell:Skip shell extension 'powershell' for command environment: Not usable outside of PowerShell
[2.292s] DEBUG:colcon.colcon_core.shell:Skip shell extension 'dsv' for command environment
[2.578s] INFO:colcon.colcon_core.task.python.build:Building Python package in '/home/noobinventor/parc_ws/src/parc_robot_control'
[2.589s] INFO:colcon.colcon_core.shell:Skip shell extension 'powershell' for command environment: Not usable outside of PowerShell
[2.589s] DEBUG:colcon.colcon_core.shell:Skip shell extension 'dsv' for command environment
[2.679s] DEBUG:colcon.colcon_core.event_handler.log_command:Invoking command in '/home/noobinventor/parc_ws/src/build/parc_robot_description': CMAKE_PREFIX_PATH=${CMAKE_PREFIX_PATH}:/home/noobinventor/parc_ws/install/parc_robot_gazebo:/home/noobinventor/parc_ws/install/parc_robot_description:/home/noobinventor/parc_ws/install/parc_robot_control:/home/noobinventor/parc_ws/install/parc_robot_bringup:/home/noobinventor/parc_ws/install/parc_robot:/opt/ros/humble /usr/bin/cmake --build /home/noobinventor/parc_ws/src/build/parc_robot_description -- -j16 -l16
[2.879s] INFO:colcon.colcon_core.task.python.build:Building Python package in '/home/noobinventor/parc_ws/src/parc_robot_gazebo'
[2.890s] INFO:colcon.colcon_core.shell:Skip shell extension 'powershell' for command environment: Not usable outside of PowerShell
[2.891s] DEBUG:colcon.colcon_core.shell:Skip shell extension 'dsv' for command environment
[2.975s] DEBUG:colcon.colcon_core.event_handler.log_command:Invoked command in '/home/noobinventor/parc_ws/src/build/parc_robot_description' returned '0': CMAKE_PREFIX_PATH=${CMAKE_PREFIX_PATH}:/home/noobinventor/parc_ws/install/parc_robot_gazebo:/home/noobinventor/parc_ws/install/parc_robot_description:/home/noobinventor/parc_ws/install/parc_robot_control:/home/noobinventor/parc_ws/install/parc_robot_bringup:/home/noobinventor/parc_ws/install/parc_robot:/opt/ros/humble /usr/bin/cmake --build /home/noobinventor/parc_ws/src/build/parc_robot_description -- -j16 -l16
[2.991s] DEBUG:colcon.colcon_core.event_handler.log_command:Invoking command in '/home/noobinventor/parc_ws/src/build/parc_robot_description': CMAKE_PREFIX_PATH=${CMAKE_PREFIX_PATH}:/home/noobinventor/parc_ws/install/parc_robot_gazebo:/home/noobinventor/parc_ws/install/parc_robot_description:/home/noobinventor/parc_ws/install/parc_robot_control:/home/noobinventor/parc_ws/install/parc_robot_bringup:/home/noobinventor/parc_ws/install/parc_robot:/opt/ros/humble /usr/bin/cmake --install /home/noobinventor/parc_ws/src/build/parc_robot_description
[3.000s] Level 1:colcon.colcon_core.environment:create_environment_scripts_only(parc_robot_description)
[3.001s] DEBUG:colcon.colcon_core.event_handler.log_command:Invoked command in '/home/noobinventor/parc_ws/src/build/parc_robot_description' returned '0': CMAKE_PREFIX_PATH=${CMAKE_PREFIX_PATH}:/home/noobinventor/parc_ws/install/parc_robot_gazebo:/home/noobinventor/parc_ws/install/parc_robot_description:/home/noobinventor/parc_ws/install/parc_robot_control:/home/noobinventor/parc_ws/install/parc_robot_bringup:/home/noobinventor/parc_ws/install/parc_robot:/opt/ros/humble /usr/bin/cmake --install /home/noobinventor/parc_ws/src/build/parc_robot_description
[3.031s] Level 1:colcon.colcon_core.environment:checking '/home/noobinventor/parc_ws/src/install/parc_robot_description' for CMake module files
[3.031s] Level 1:colcon.colcon_core.environment:checking '/home/noobinventor/parc_ws/src/install/parc_robot_description' for CMake config files
[3.032s] Level 1:colcon.colcon_core.shell:create_environment_hook('parc_robot_description', 'cmake_prefix_path')
[3.061s] INFO:colcon.colcon_core.shell:Creating environment hook '/home/noobinventor/parc_ws/src/install/parc_robot_description/share/parc_robot_description/hook/cmake_prefix_path.ps1'
[3.062s] INFO:colcon.colcon_core.shell:Creating environment descriptor '/home/noobinventor/parc_ws/src/install/parc_robot_description/share/parc_robot_description/hook/cmake_prefix_path.dsv'
[3.062s] INFO:colcon.colcon_core.shell:Creating environment hook '/home/noobinventor/parc_ws/src/install/parc_robot_description/share/parc_robot_description/hook/cmake_prefix_path.sh'
[3.063s] Level 1:colcon.colcon_core.environment:checking '/home/noobinventor/parc_ws/src/install/parc_robot_description/bin'
[3.063s] Level 1:colcon.colcon_core.environment:checking '/home/noobinventor/parc_ws/src/install/parc_robot_description/lib/pkgconfig/parc_robot_description.pc'
[3.063s] Level 1:colcon.colcon_core.environment:checking '/home/noobinventor/parc_ws/src/install/parc_robot_description/lib/python3.10/site-packages'
[3.063s] Level 1:colcon.colcon_core.environment:checking '/home/noobinventor/parc_ws/src/install/parc_robot_description/bin'
[3.081s] INFO:colcon.colcon_core.shell:Creating package script '/home/noobinventor/parc_ws/src/install/parc_robot_description/share/parc_robot_description/package.ps1'
[3.082s] INFO:colcon.colcon_core.shell:Creating package descriptor '/home/noobinventor/parc_ws/src/install/parc_robot_description/share/parc_robot_description/package.dsv'
[3.082s] INFO:colcon.colcon_core.shell:Creating package script '/home/noobinventor/parc_ws/src/install/parc_robot_description/share/parc_robot_description/package.sh'
[3.083s] INFO:colcon.colcon_core.shell:Creating package script '/home/noobinventor/parc_ws/src/install/parc_robot_description/share/parc_robot_description/package.bash'
[3.083s] INFO:colcon.colcon_core.shell:Creating package script '/home/noobinventor/parc_ws/src/install/parc_robot_description/share/parc_robot_description/package.zsh'
[3.083s] Level 1:colcon.colcon_core.environment:create_file_with_runtime_dependencies(/home/noobinventor/parc_ws/src/install/parc_robot_description/share/colcon-core/packages/parc_robot_description)
[3.122s] Level 1:colcon.colcon_core.environment:create_environment_scripts_only(parc_robot_description)
[3.139s] Level 1:colcon.colcon_core.environment:checking '/home/noobinventor/parc_ws/src/install/parc_robot_description' for CMake module files
[3.139s] Level 1:colcon.colcon_core.environment:checking '/home/noobinventor/parc_ws/src/install/parc_robot_description' for CMake config files
[3.139s] Level 1:colcon.colcon_core.shell:create_environment_hook('parc_robot_description', 'cmake_prefix_path')
[3.153s] INFO:colcon.colcon_core.shell:Creating environment hook '/home/noobinventor/parc_ws/src/install/parc_robot_description/share/parc_robot_description/hook/cmake_prefix_path.ps1'
[3.153s] INFO:colcon.colcon_core.shell:Creating environment descriptor '/home/noobinventor/parc_ws/src/install/parc_robot_description/share/parc_robot_description/hook/cmake_prefix_path.dsv'
[3.153s] INFO:colcon.colcon_core.shell:Creating environment hook '/home/noobinventor/parc_ws/src/install/parc_robot_description/share/parc_robot_description/hook/cmake_prefix_path.sh'
[3.154s] Level 1:colcon.colcon_core.environment:checking '/home/noobinventor/parc_ws/src/install/parc_robot_description/bin'
[3.154s] Level 1:colcon.colcon_core.environment:checking '/home/noobinventor/parc_ws/src/install/parc_robot_description/lib/pkgconfig/parc_robot_description.pc'
[3.154s] Level 1:colcon.colcon_core.environment:checking '/home/noobinventor/parc_ws/src/install/parc_robot_description/lib/python3.10/site-packages'
[3.154s] Level 1:colcon.colcon_core.environment:checking '/home/noobinventor/parc_ws/src/install/parc_robot_description/bin'
[3.168s] INFO:colcon.colcon_core.shell:Creating package script '/home/noobinventor/parc_ws/src/install/parc_robot_description/share/parc_robot_description/package.ps1'
[3.169s] INFO:colcon.colcon_core.shell:Creating package descriptor '/home/noobinventor/parc_ws/src/install/parc_robot_description/share/parc_robot_description/package.dsv'
[3.169s] INFO:colcon.colcon_core.shell:Creating package script '/home/noobinventor/parc_ws/src/install/parc_robot_description/share/parc_robot_description/package.sh'
[3.169s] INFO:colcon.colcon_core.shell:Creating package script '/home/noobinventor/parc_ws/src/install/parc_robot_description/share/parc_robot_description/package.bash'
[3.169s] INFO:colcon.colcon_core.shell:Creating package script '/home/noobinventor/parc_ws/src/install/parc_robot_description/share/parc_robot_description/package.zsh'
[3.169s] Level 1:colcon.colcon_core.environment:create_file_with_runtime_dependencies(/home/noobinventor/parc_ws/src/install/parc_robot_description/share/colcon-core/packages/parc_robot_description)
[3.392s] DEBUG:colcon.colcon_core.event_handler.log_command:Invoking command in '/home/noobinventor/parc_ws/src/build/parc_robot_control': PYTHONPATH=/home/noobinventor/parc_ws/src/build/parc_robot_control/prefix_override:/home/noobinventor/parc_ws/src/install/parc_robot_control/lib/python3.10/site-packages:${PYTHONPATH} /usr/bin/python3 setup.py develop --editable --build-directory /home/noobinventor/parc_ws/src/build/parc_robot_control/build --no-deps install_data
[3.395s] DEBUG:colcon.colcon_core.event_handler.log_command:Invoking command in '/home/noobinventor/parc_ws/src/build/parc_robot': PYTHONPATH=/home/noobinventor/parc_ws/src/build/parc_robot/prefix_override:/home/noobinventor/parc_ws/src/install/parc_robot/lib/python3.10/site-packages:${PYTHONPATH} /usr/bin/python3 setup.py develop --editable --build-directory /home/noobinventor/parc_ws/src/build/parc_robot/build --no-deps install_data
[3.436s] DEBUG:colcon.colcon_core.event_handler.log_command:Invoking command in '/home/noobinventor/parc_ws/src/build/parc_robot_gazebo': PYTHONPATH=/home/noobinventor/parc_ws/src/build/parc_robot_gazebo/prefix_override:/home/noobinventor/parc_ws/src/install/parc_robot_gazebo/lib/python3.10/site-packages:${PYTHONPATH} /usr/bin/python3 setup.py develop --editable --build-directory /home/noobinventor/parc_ws/src/build/parc_robot_gazebo/build --no-deps install_data
[3.453s] DEBUG:colcon.colcon_core.event_handler.log_command:Invoking command in '/home/noobinventor/parc_ws/src/build/parc_robot_bringup': PYTHONPATH=/home/noobinventor/parc_ws/src/build/parc_robot_bringup/prefix_override:/home/noobinventor/parc_ws/src/install/parc_robot_bringup/lib/python3.10/site-packages:${PYTHONPATH} /usr/bin/python3 setup.py develop --editable --build-directory /home/noobinventor/parc_ws/src/build/parc_robot_bringup/build --no-deps install_data
[3.897s] Level 1:colcon.colcon_core.shell:create_environment_hook('parc_robot', 'pythonpath_develop')
[3.898s] DEBUG:colcon.colcon_core.event_handler.log_command:Invoked command in '/home/noobinventor/parc_ws/src/build/parc_robot' returned '0': PYTHONPATH=/home/noobinventor/parc_ws/src/build/parc_robot/prefix_override:/home/noobinventor/parc_ws/src/install/parc_robot/lib/python3.10/site-packages:${PYTHONPATH} /usr/bin/python3 setup.py develop --editable --build-directory /home/noobinventor/parc_ws/src/build/parc_robot/build --no-deps install_data
[3.919s] INFO:colcon.colcon_core.shell:Creating environment hook '/home/noobinventor/parc_ws/src/build/parc_robot/share/parc_robot/hook/pythonpath_develop.ps1'
[3.920s] INFO:colcon.colcon_core.shell:Creating environment descriptor '/home/noobinventor/parc_ws/src/build/parc_robot/share/parc_robot/hook/pythonpath_develop.dsv'
[3.920s] INFO:colcon.colcon_core.shell:Creating environment hook '/home/noobinventor/parc_ws/src/build/parc_robot/share/parc_robot/hook/pythonpath_develop.sh'
[3.938s] Level 1:colcon.colcon_core.environment:checking '/home/noobinventor/parc_ws/src/install/parc_robot' for CMake module files
[3.938s] Level 1:colcon.colcon_core.environment:checking '/home/noobinventor/parc_ws/src/install/parc_robot' for CMake config files
[3.939s] Level 1:colcon.colcon_core.environment:checking '/home/noobinventor/parc_ws/src/install/parc_robot/lib'
[3.939s] Level 1:colcon.colcon_core.environment:checking '/home/noobinventor/parc_ws/src/install/parc_robot/bin'
[3.939s] Level 1:colcon.colcon_core.environment:checking '/home/noobinventor/parc_ws/src/install/parc_robot/lib/pkgconfig/parc_robot.pc'
[3.939s] Level 1:colcon.colcon_core.environment:checking '/home/noobinventor/parc_ws/src/install/parc_robot/lib/python3.10/site-packages'
[3.939s] Level 1:colcon.colcon_core.shell:create_environment_hook('parc_robot', 'pythonpath')
[3.951s] INFO:colcon.colcon_core.shell:Creating environment hook '/home/noobinventor/parc_ws/src/install/parc_robot/share/parc_robot/hook/pythonpath.ps1'
[3.951s] INFO:colcon.colcon_core.shell:Creating environment descriptor '/home/noobinventor/parc_ws/src/install/parc_robot/share/parc_robot/hook/pythonpath.dsv'
[3.952s] INFO:colcon.colcon_core.shell:Creating environment hook '/home/noobinventor/parc_ws/src/install/parc_robot/share/parc_robot/hook/pythonpath.sh'
[3.952s] Level 1:colcon.colcon_core.environment:checking '/home/noobinventor/parc_ws/src/install/parc_robot/bin'
[3.952s] Level 1:colcon.colcon_core.environment:create_environment_scripts_only(parc_robot)
[3.965s] INFO:colcon.colcon_core.shell:Creating package script '/home/noobinventor/parc_ws/src/install/parc_robot/share/parc_robot/package.ps1'
[3.965s] INFO:colcon.colcon_core.shell:Creating package descriptor '/home/noobinventor/parc_ws/src/install/parc_robot/share/parc_robot/package.dsv'
[3.966s] INFO:colcon.colcon_core.shell:Creating package script '/home/noobinventor/parc_ws/src/install/parc_robot/share/parc_robot/package.sh'
[3.966s] INFO:colcon.colcon_core.shell:Creating package script '/home/noobinventor/parc_ws/src/install/parc_robot/share/parc_robot/package.bash'
[3.966s] INFO:colcon.colcon_core.shell:Creating package script '/home/noobinventor/parc_ws/src/install/parc_robot/share/parc_robot/package.zsh'
[3.966s] Level 1:colcon.colcon_core.environment:create_file_with_runtime_dependencies(/home/noobinventor/parc_ws/src/install/parc_robot/share/colcon-core/packages/parc_robot)
[3.967s] Level 1:colcon.colcon_core.shell:create_environment_hook('parc_robot_gazebo', 'pythonpath_develop')
[3.968s] DEBUG:colcon.colcon_core.event_handler.log_command:Invoked command in '/home/noobinventor/parc_ws/src/build/parc_robot_gazebo' returned '0': PYTHONPATH=/home/noobinventor/parc_ws/src/build/parc_robot_gazebo/prefix_override:/home/noobinventor/parc_ws/src/install/parc_robot_gazebo/lib/python3.10/site-packages:${PYTHONPATH} /usr/bin/python3 setup.py develop --editable --build-directory /home/noobinventor/parc_ws/src/build/parc_robot_gazebo/build --no-deps install_data
[3.982s] INFO:colcon.colcon_core.shell:Creating environment hook '/home/noobinventor/parc_ws/src/build/parc_robot_gazebo/share/parc_robot_gazebo/hook/pythonpath_develop.ps1'
[3.982s] INFO:colcon.colcon_core.shell:Creating environment descriptor '/home/noobinventor/parc_ws/src/build/parc_robot_gazebo/share/parc_robot_gazebo/hook/pythonpath_develop.dsv'
[3.982s] INFO:colcon.colcon_core.shell:Creating environment hook '/home/noobinventor/parc_ws/src/build/parc_robot_gazebo/share/parc_robot_gazebo/hook/pythonpath_develop.sh'
[3.994s] Level 1:colcon.colcon_core.environment:checking '/home/noobinventor/parc_ws/src/install/parc_robot_gazebo' for CMake module files
[3.994s] Level 1:colcon.colcon_core.environment:checking '/home/noobinventor/parc_ws/src/install/parc_robot_gazebo' for CMake config files
[3.994s] Level 1:colcon.colcon_core.environment:checking '/home/noobinventor/parc_ws/src/install/parc_robot_gazebo/lib'
[3.994s] Level 1:colcon.colcon_core.environment:checking '/home/noobinventor/parc_ws/src/install/parc_robot_gazebo/bin'
[3.994s] Level 1:colcon.colcon_core.environment:checking '/home/noobinventor/parc_ws/src/install/parc_robot_gazebo/lib/pkgconfig/parc_robot_gazebo.pc'
[3.994s] Level 1:colcon.colcon_core.environment:checking '/home/noobinventor/parc_ws/src/install/parc_robot_gazebo/lib/python3.10/site-packages'
[3.994s] Level 1:colcon.colcon_core.shell:create_environment_hook('parc_robot_gazebo', 'pythonpath')
[4.006s] INFO:colcon.colcon_core.shell:Creating environment hook '/home/noobinventor/parc_ws/src/install/parc_robot_gazebo/share/parc_robot_gazebo/hook/pythonpath.ps1'
[4.006s] INFO:colcon.colcon_core.shell:Creating environment descriptor '/home/noobinventor/parc_ws/src/install/parc_robot_gazebo/share/parc_robot_gazebo/hook/pythonpath.dsv'
[4.006s] INFO:colcon.colcon_core.shell:Creating environment hook '/home/noobinventor/parc_ws/src/install/parc_robot_gazebo/share/parc_robot_gazebo/hook/pythonpath.sh'
[4.007s] Level 1:colcon.colcon_core.environment:checking '/home/noobinventor/parc_ws/src/install/parc_robot_gazebo/bin'
[4.007s] Level 1:colcon.colcon_core.environment:create_environment_scripts_only(parc_robot_gazebo)
[4.018s] INFO:colcon.colcon_core.shell:Creating package script '/home/noobinventor/parc_ws/src/install/parc_robot_gazebo/share/parc_robot_gazebo/package.ps1'
[4.018s] INFO:colcon.colcon_core.shell:Creating package descriptor '/home/noobinventor/parc_ws/src/install/parc_robot_gazebo/share/parc_robot_gazebo/package.dsv'
[4.018s] INFO:colcon.colcon_core.shell:Creating package script '/home/noobinventor/parc_ws/src/install/parc_robot_gazebo/share/parc_robot_gazebo/package.sh'
[4.019s] INFO:colcon.colcon_core.shell:Creating package script '/home/noobinventor/parc_ws/src/install/parc_robot_gazebo/share/parc_robot_gazebo/package.bash'
[4.019s] INFO:colcon.colcon_core.shell:Creating package script '/home/noobinventor/parc_ws/src/install/parc_robot_gazebo/share/parc_robot_gazebo/package.zsh'
[4.019s] Level 1:colcon.colcon_core.environment:create_file_with_runtime_dependencies(/home/noobinventor/parc_ws/src/install/parc_robot_gazebo/share/colcon-core/packages/parc_robot_gazebo)
[4.019s] Level 1:colcon.colcon_core.shell:create_environment_hook('parc_robot_control', 'pythonpath_develop')
[4.020s] DEBUG:colcon.colcon_core.event_handler.log_command:Invoked command in '/home/noobinventor/parc_ws/src/build/parc_robot_control' returned '0': PYTHONPATH=/home/noobinventor/parc_ws/src/build/parc_robot_control/prefix_override:/home/noobinventor/parc_ws/src/install/parc_robot_control/lib/python3.10/site-packages:${PYTHONPATH} /usr/bin/python3 setup.py develop --editable --build-directory /home/noobinventor/parc_ws/src/build/parc_robot_control/build --no-deps install_data
[4.033s] INFO:colcon.colcon_core.shell:Creating environment hook '/home/noobinventor/parc_ws/src/build/parc_robot_control/share/parc_robot_control/hook/pythonpath_develop.ps1'
[4.033s] INFO:colcon.colcon_core.shell:Creating environment descriptor '/home/noobinventor/parc_ws/src/build/parc_robot_control/share/parc_robot_control/hook/pythonpath_develop.dsv'
[4.033s] INFO:colcon.colcon_core.shell:Creating environment hook '/home/noobinventor/parc_ws/src/build/parc_robot_control/share/parc_robot_control/hook/pythonpath_develop.sh'
[4.045s] Level 1:colcon.colcon_core.environment:checking '/home/noobinventor/parc_ws/src/install/parc_robot_control' for CMake module files
[4.045s] Level 1:colcon.colcon_core.environment:checking '/home/noobinventor/parc_ws/src/install/parc_robot_control' for CMake config files
[4.045s] Level 1:colcon.colcon_core.environment:checking '/home/noobinventor/parc_ws/src/install/parc_robot_control/lib'
[4.045s] Level 1:colcon.colcon_core.environment:checking '/home/noobinventor/parc_ws/src/install/parc_robot_control/bin'
[4.045s] Level 1:colcon.colcon_core.environment:checking '/home/noobinventor/parc_ws/src/install/parc_robot_control/lib/pkgconfig/parc_robot_control.pc'
[4.045s] Level 1:colcon.colcon_core.environment:checking '/home/noobinventor/parc_ws/src/install/parc_robot_control/lib/python3.10/site-packages'
[4.045s] Level 1:colcon.colcon_core.shell:create_environment_hook('parc_robot_control', 'pythonpath')
[4.056s] INFO:colcon.colcon_core.shell:Creating environment hook '/home/noobinventor/parc_ws/src/install/parc_robot_control/share/parc_robot_control/hook/pythonpath.ps1'
[4.057s] INFO:colcon.colcon_core.shell:Creating environment descriptor '/home/noobinventor/parc_ws/src/install/parc_robot_control/share/parc_robot_control/hook/pythonpath.dsv'
[4.057s] INFO:colcon.colcon_core.shell:Creating environment hook '/home/noobinventor/parc_ws/src/install/parc_robot_control/share/parc_robot_control/hook/pythonpath.sh'
[4.057s] Level 1:colcon.colcon_core.environment:checking '/home/noobinventor/parc_ws/src/install/parc_robot_control/bin'
[4.057s] Level 1:colcon.colcon_core.environment:create_environment_scripts_only(parc_robot_control)
[4.068s] INFO:colcon.colcon_core.shell:Creating package script '/home/noobinventor/parc_ws/src/install/parc_robot_control/share/parc_robot_control/package.ps1'
[4.069s] INFO:colcon.colcon_core.shell:Creating package descriptor '/home/noobinventor/parc_ws/src/install/parc_robot_control/share/parc_robot_control/package.dsv'
[4.069s] INFO:colcon.colcon_core.shell:Creating package script '/home/noobinventor/parc_ws/src/install/parc_robot_control/share/parc_robot_control/package.sh'
[4.069s] INFO:colcon.colcon_core.shell:Creating package script '/home/noobinventor/parc_ws/src/install/parc_robot_control/share/parc_robot_control/package.bash'
[4.069s] INFO:colcon.colcon_core.shell:Creating package script '/home/noobinventor/parc_ws/src/install/parc_robot_control/share/parc_robot_control/package.zsh'
[4.069s] Level 1:colcon.colcon_core.environment:create_file_with_runtime_dependencies(/home/noobinventor/parc_ws/src/install/parc_robot_control/share/colcon-core/packages/parc_robot_control)
[4.070s] Level 1:colcon.colcon_core.shell:create_environment_hook('parc_robot_bringup', 'pythonpath_develop')
[4.071s] DEBUG:colcon.colcon_core.event_handler.log_command:Invoked command in '/home/noobinventor/parc_ws/src/build/parc_robot_bringup' returned '0': PYTHONPATH=/home/noobinventor/parc_ws/src/build/parc_robot_bringup/prefix_override:/home/noobinventor/parc_ws/src/install/parc_robot_bringup/lib/python3.10/site-packages:${PYTHONPATH} /usr/bin/python3 setup.py develop --editable --build-directory /home/noobinventor/parc_ws/src/build/parc_robot_bringup/build --no-deps install_data
[4.084s] INFO:colcon.colcon_core.shell:Creating environment hook '/home/noobinventor/parc_ws/src/build/parc_robot_bringup/share/parc_robot_bringup/hook/pythonpath_develop.ps1'
[4.084s] INFO:colcon.colcon_core.shell:Creating environment descriptor '/home/noobinventor/parc_ws/src/build/parc_robot_bringup/share/parc_robot_bringup/hook/pythonpath_develop.dsv'
[4.085s] INFO:colcon.colcon_core.shell:Creating environment hook '/home/noobinventor/parc_ws/src/build/parc_robot_bringup/share/parc_robot_bringup/hook/pythonpath_develop.sh'
[4.096s] Level 1:colcon.colcon_core.environment:checking '/home/noobinventor/parc_ws/src/install/parc_robot_bringup' for CMake module files
[4.096s] Level 1:colcon.colcon_core.environment:checking '/home/noobinventor/parc_ws/src/install/parc_robot_bringup' for CMake config files
[4.096s] Level 1:colcon.colcon_core.environment:checking '/home/noobinventor/parc_ws/src/install/parc_robot_bringup/lib'
[4.096s] Level 1:colcon.colcon_core.environment:checking '/home/noobinventor/parc_ws/src/install/parc_robot_bringup/bin'
[4.096s] Level 1:colcon.colcon_core.environment:checking '/home/noobinventor/parc_ws/src/install/parc_robot_bringup/lib/pkgconfig/parc_robot_bringup.pc'
[4.096s] Level 1:colcon.colcon_core.environment:checking '/home/noobinventor/parc_ws/src/install/parc_robot_bringup/lib/python3.10/site-packages'
[4.096s] Level 1:colcon.colcon_core.shell:create_environment_hook('parc_robot_bringup', 'pythonpath')
[4.107s] INFO:colcon.colcon_core.shell:Creating environment hook '/home/noobinventor/parc_ws/src/install/parc_robot_bringup/share/parc_robot_bringup/hook/pythonpath.ps1'
[4.108s] INFO:colcon.colcon_core.shell:Creating environment descriptor '/home/noobinventor/parc_ws/src/install/parc_robot_bringup/share/parc_robot_bringup/hook/pythonpath.dsv'
[4.108s] INFO:colcon.colcon_core.shell:Creating environment hook '/home/noobinventor/parc_ws/src/install/parc_robot_bringup/share/parc_robot_bringup/hook/pythonpath.sh'
[4.108s] Level 1:colcon.colcon_core.environment:checking '/home/noobinventor/parc_ws/src/install/parc_robot_bringup/bin'
[4.108s] Level 1:colcon.colcon_core.environment:create_environment_scripts_only(parc_robot_bringup)
[4.119s] INFO:colcon.colcon_core.shell:Creating package script '/home/noobinventor/parc_ws/src/install/parc_robot_bringup/share/parc_robot_bringup/package.ps1'
[4.120s] INFO:colcon.colcon_core.shell:Creating package descriptor '/home/noobinventor/parc_ws/src/install/parc_robot_bringup/share/parc_robot_bringup/package.dsv'
[4.120s] INFO:colcon.colcon_core.shell:Creating package script '/home/noobinventor/parc_ws/src/install/parc_robot_bringup/share/parc_robot_bringup/package.sh'
[4.121s] INFO:colcon.colcon_core.shell:Creating package script '/home/noobinventor/parc_ws/src/install/parc_robot_bringup/share/parc_robot_bringup/package.bash'
[4.121s] INFO:colcon.colcon_core.shell:Creating package script '/home/noobinventor/parc_ws/src/install/parc_robot_bringup/share/parc_robot_bringup/package.zsh'
[4.121s] Level 1:colcon.colcon_core.environment:create_file_with_runtime_dependencies(/home/noobinventor/parc_ws/src/install/parc_robot_bringup/share/colcon-core/packages/parc_robot_bringup)
[4.122s] DEBUG:colcon.colcon_parallel_executor.executor.parallel:closing loop
[4.122s] DEBUG:colcon.colcon_parallel_executor.executor.parallel:loop closed
[4.122s] DEBUG:colcon.colcon_parallel_executor.executor.parallel:run_until_complete finished with '0'
[4.122s] DEBUG:colcon.colcon_core.event_reactor:joining thread
[4.144s] INFO:colcon.colcon_core.plugin_system:Skipping extension 'colcon_notification.desktop_notification.terminal_notifier': Not used on non-Darwin systems
[4.144s] INFO:colcon.colcon_core.plugin_system:Skipping extension 'colcon_notification.desktop_notification.win32': Not used on non-Windows systems
[4.144s] INFO:colcon.colcon_notification.desktop_notification:Sending desktop notification using 'notify2'
[4.146s] DEBUG:colcon.colcon_core.event_reactor:joined thread
[4.164s] INFO:colcon.colcon_core.shell:Creating prefix script '/home/noobinventor/parc_ws/src/install/local_setup.ps1'
[4.165s] INFO:colcon.colcon_core.shell:Creating prefix util module '/home/noobinventor/parc_ws/src/install/_local_setup_util_ps1.py'
[4.165s] INFO:colcon.colcon_core.shell:Creating prefix chain script '/home/noobinventor/parc_ws/src/install/setup.ps1'
[4.177s] INFO:colcon.colcon_core.shell:Creating prefix script '/home/noobinventor/parc_ws/src/install/local_setup.sh'
[4.177s] INFO:colcon.colcon_core.shell:Creating prefix util module '/home/noobinventor/parc_ws/src/install/_local_setup_util_sh.py'
[4.178s] INFO:colcon.colcon_core.shell:Creating prefix chain script '/home/noobinventor/parc_ws/src/install/setup.sh'
[4.190s] INFO:colcon.colcon_core.shell:Creating prefix script '/home/noobinventor/parc_ws/src/install/local_setup.bash'
[4.190s] INFO:colcon.colcon_core.shell:Creating prefix chain script '/home/noobinventor/parc_ws/src/install/setup.bash'
[4.202s] INFO:colcon.colcon_core.shell:Creating prefix script '/home/noobinventor/parc_ws/src/install/local_setup.zsh'
[4.202s] INFO:colcon.colcon_core.shell:Creating prefix chain script '/home/noobinventor/parc_ws/src/install/setup.zsh'
