[1.974s] Invoking command in '/home/noobinventor/parc_ws/src/build/parc_robot_gazebo': PYTHONPATH=/home/noobinventor/parc_ws/src/build/parc_robot_gazebo/prefix_override:/home/noobinventor/parc_ws/src/install/parc_robot_gazebo/lib/python3.10/site-packages:${PYTHONPATH} /usr/bin/python3 setup.py develop --editable --build-directory /home/noobinventor/parc_ws/src/build/parc_robot_gazebo/build --no-deps install_data
[2.242s] running develop
[2.427s] running egg_info
[2.428s] creating parc_robot_gazebo.egg-info
[2.428s] writing parc_robot_gazebo.egg-info/PKG-INFO
[2.428s] writing dependency_links to parc_robot_gazebo.egg-info/dependency_links.txt
[2.428s] writing entry points to parc_robot_gazebo.egg-info/entry_points.txt
[2.429s] writing requirements to parc_robot_gazebo.egg-info/requires.txt
[2.429s] writing top-level names to parc_robot_gazebo.egg-info/top_level.txt
[2.429s] writing manifest file 'parc_robot_gazebo.egg-info/SOURCES.txt'
[2.430s] reading manifest file 'parc_robot_gazebo.egg-info/SOURCES.txt'
[2.430s] writing manifest file 'parc_robot_gazebo.egg-info/SOURCES.txt'
[2.456s] running build_ext
[2.456s] Creating /home/noobinventor/parc_ws/src/install/parc_robot_gazebo/lib/python3.10/site-packages/parc-robot-gazebo.egg-link (link to .)
[2.457s] 
[2.457s] Installed /home/noobinventor/parc_ws/src/build/parc_robot_gazebo
[2.457s] running install_data
[2.457s] creating /home/noobinventor/parc_ws/src/install/parc_robot_gazebo/share/ament_index
[2.457s] creating /home/noobinventor/parc_ws/src/install/parc_robot_gazebo/share/ament_index/resource_index
[2.457s] creating /home/noobinventor/parc_ws/src/install/parc_robot_gazebo/share/ament_index/resource_index/packages
[2.457s] copying resource/parc_robot_gazebo -> /home/noobinventor/parc_ws/src/install/parc_robot_gazebo/share/ament_index/resource_index/packages
[2.457s] copying package.xml -> /home/noobinventor/parc_ws/src/install/parc_robot_gazebo/share/parc_robot_gazebo
[2.620s] Invoked command in '/home/noobinventor/parc_ws/src/build/parc_robot_gazebo' returned '0': PYTHONPATH=/home/noobinventor/parc_ws/src/build/parc_robot_gazebo/prefix_override:/home/noobinventor/parc_ws/src/install/parc_robot_gazebo/lib/python3.10/site-packages:${PYTHONPATH} /usr/bin/python3 setup.py develop --editable --build-directory /home/noobinventor/parc_ws/src/build/parc_robot_gazebo/build --no-deps install_data
