[1.208s] Invoking command in '/home/noobinventor/parc_ws/src/build/parc_robot_description': CMAKE_PREFIX_PATH=${CMAKE_PREFIX_PATH}:/home/noobinventor/parc_ws/install/parc_robot_gazebo:/home/noobinventor/parc_ws/install/parc_robot_description:/home/noobinventor/parc_ws/install/parc_robot_control:/home/noobinventor/parc_ws/install/parc_robot_bringup:/home/noobinventor/parc_ws/install/parc_robot:/opt/ros/humble /usr/bin/cmake /home/noobinventor/parc_ws/src/parc_robot_description -DAMENT_CMAKE_SYMLINK_INSTALL=1 -DCMAKE_INSTALL_PREFIX=/home/noobinventor/parc_ws/src/install/parc_robot_description
[1.242s] -- The C compiler identification is GNU 11.4.0
[1.285s] -- The CXX compiler identification is GNU 11.4.0
[1.291s] -- Detecting C compiler ABI info
[1.329s] -- Detecting C compiler ABI info - done
[1.334s] -- Check for working C compiler: /usr/bin/cc - skipped
[1.334s] -- Detecting C compile features
[1.334s] -- Detecting C compile features - done
[1.336s] -- Detecting CXX compiler ABI info
[1.382s] -- Detecting CXX compiler ABI info - done
[1.387s] -- Check for working CXX compiler: /usr/bin/c++ - skipped
[1.387s] -- Detecting CXX compile features
[1.387s] -- Detecting CXX compile features - done
[1.390s] -- Found ament_cmake: 1.3.8 (/opt/ros/humble/share/ament_cmake/cmake)
[1.490s] -- Found Python3: /usr/bin/python3 (found version "3.10.12") found components: Interpreter 
[1.534s] -- Override CMake install command with custom implementation using symlinks instead of copying resources
[1.573s] -- Found urdf: 2.6.0 (/opt/ros/humble/share/urdf/cmake)
[1.636s] -- Found xacro: 2.0.8 (/opt/ros/humble/share/xacro/cmake)
[1.694s] -- Configuring done
[1.696s] -- Generating done
[1.696s] -- Build files have been written to: /home/noobinventor/parc_ws/src/build/parc_robot_description
[1.701s] Invoked command in '/home/noobinventor/parc_ws/src/build/parc_robot_description' returned '0': CMAKE_PREFIX_PATH=${CMAKE_PREFIX_PATH}:/home/noobinventor/parc_ws/install/parc_robot_gazebo:/home/noobinventor/parc_ws/install/parc_robot_description:/home/noobinventor/parc_ws/install/parc_robot_control:/home/noobinventor/parc_ws/install/parc_robot_bringup:/home/noobinventor/parc_ws/install/parc_robot:/opt/ros/humble /usr/bin/cmake /home/noobinventor/parc_ws/src/parc_robot_description -DAMENT_CMAKE_SYMLINK_INSTALL=1 -DCMAKE_INSTALL_PREFIX=/home/noobinventor/parc_ws/src/install/parc_robot_description
[1.703s] Invoking command in '/home/noobinventor/parc_ws/src/build/parc_robot_description': CMAKE_PREFIX_PATH=${CMAKE_PREFIX_PATH}:/home/noobinventor/parc_ws/install/parc_robot_gazebo:/home/noobinventor/parc_ws/install/parc_robot_description:/home/noobinventor/parc_ws/install/parc_robot_control:/home/noobinventor/parc_ws/install/parc_robot_bringup:/home/noobinventor/parc_ws/install/parc_robot:/opt/ros/humble /usr/bin/cmake --build /home/noobinventor/parc_ws/src/build/parc_robot_description -- -j16 -l16
[1.721s] Invoked command in '/home/noobinventor/parc_ws/src/build/parc_robot_description' returned '0': CMAKE_PREFIX_PATH=${CMAKE_PREFIX_PATH}:/home/noobinventor/parc_ws/install/parc_robot_gazebo:/home/noobinventor/parc_ws/install/parc_robot_description:/home/noobinventor/parc_ws/install/parc_robot_control:/home/noobinventor/parc_ws/install/parc_robot_bringup:/home/noobinventor/parc_ws/install/parc_robot:/opt/ros/humble /usr/bin/cmake --build /home/noobinventor/parc_ws/src/build/parc_robot_description -- -j16 -l16
[1.741s] Invoking command in '/home/noobinventor/parc_ws/src/build/parc_robot_description': CMAKE_PREFIX_PATH=${CMAKE_PREFIX_PATH}:/home/noobinventor/parc_ws/install/parc_robot_gazebo:/home/noobinventor/parc_ws/install/parc_robot_description:/home/noobinventor/parc_ws/install/parc_robot_control:/home/noobinventor/parc_ws/install/parc_robot_bringup:/home/noobinventor/parc_ws/install/parc_robot:/opt/ros/humble /usr/bin/cmake --install /home/noobinventor/parc_ws/src/build/parc_robot_description
[1.745s] -- Install configuration: ""
[1.746s] -- Execute custom install script
[1.746s] -- Symlinking: /home/noobinventor/parc_ws/src/install/parc_robot_description/share/parc_robot_description/launch/description_launch.py
[1.750s] -- Symlinking: /home/noobinventor/parc_ws/src/install/parc_robot_description/share/parc_robot_description/launch/robot_state_publisher_launch.py
[1.754s] -- Symlinking: /home/noobinventor/parc_ws/src/install/parc_robot_description/share/parc_robot_description/meshes/ZED2.dae
[1.758s] -- Symlinking: /home/noobinventor/parc_ws/src/install/parc_robot_description/share/parc_robot_description/meshes/base_link.dae
[1.762s] -- Symlinking: /home/noobinventor/parc_ws/src/install/parc_robot_description/share/parc_robot_description/meshes/enclosure_with_overhang.dae
[1.766s] -- Symlinking: /home/noobinventor/parc_ws/src/install/parc_robot_description/share/parc_robot_description/meshes/enclosure_with_overhang.stl
[1.770s] -- Symlinking: /home/noobinventor/parc_ws/src/install/parc_robot_description/share/parc_robot_description/meshes/seeder.stl
[1.774s] -- Symlinking: /home/noobinventor/parc_ws/src/install/parc_robot_description/share/parc_robot_description/meshes/seeder_v1.stl
[1.777s] -- Symlinking: /home/noobinventor/parc_ws/src/install/parc_robot_description/share/parc_robot_description/meshes/wheel_type1.dae
[1.780s] -- Symlinking: /home/noobinventor/parc_ws/src/install/parc_robot_description/share/parc_robot_description/meshes/wheel_type2.dae
[1.783s] -- Symlinking: /home/noobinventor/parc_ws/src/install/parc_robot_description/share/parc_robot_description/meshes/ydlidar.dae
[1.787s] -- Symlinking: /home/noobinventor/parc_ws/src/install/parc_robot_description/share/parc_robot_description/urdf/attachment.xacro
[1.790s] -- Symlinking: /home/noobinventor/parc_ws/src/install/parc_robot_description/share/parc_robot_description/urdf/enclosure.xacro
[1.793s] -- Symlinking: /home/noobinventor/parc_ws/src/install/parc_robot_description/share/parc_robot_description/urdf/gps.xacro
[1.796s] -- Symlinking: /home/noobinventor/parc_ws/src/install/parc_robot_description/share/parc_robot_description/urdf/parc_robot.xacro
[1.799s] -- Symlinking: /home/noobinventor/parc_ws/src/install/parc_robot_description/share/parc_robot_description/urdf/parc_robot_gazebo.xacro
[1.803s] -- Symlinking: /home/noobinventor/parc_ws/src/install/parc_robot_description/share/parc_robot_description/urdf/parc_robot_with_seeder.xacro
[1.806s] -- Symlinking: /home/noobinventor/parc_ws/src/install/parc_robot_description/share/parc_robot_description/urdf/scout_wheel.gazebo
[1.809s] -- Symlinking: /home/noobinventor/parc_ws/src/install/parc_robot_description/share/parc_robot_description/urdf/scout_wheel_type1.xacro
[1.811s] -- Symlinking: /home/noobinventor/parc_ws/src/install/parc_robot_description/share/parc_robot_description/urdf/scout_wheel_type2.xacro
[1.815s] -- Symlinking: /home/noobinventor/parc_ws/src/install/parc_robot_description/share/parc_robot_description/urdf/seeder.xacro
[1.817s] -- Symlinking: /home/noobinventor/parc_ws/src/install/parc_robot_description/share/parc_robot_description/urdf/sensors.xacro
[1.820s] -- Symlinking: /home/noobinventor/parc_ws/src/install/parc_robot_description/share/parc_robot_description/urdf/side_cameras.xacro
[1.824s] -- Symlinking: /home/noobinventor/parc_ws/src/install/parc_robot_description/share/parc_robot_description/urdf/ydlidar.xacro
[1.827s] -- Symlinking: /home/noobinventor/parc_ws/src/install/parc_robot_description/share/parc_robot_description/urdf/zed2.xacro
[1.830s] -- Symlinking: /home/noobinventor/parc_ws/src/install/parc_robot_description/share/parc_robot_description/rviz/description.rviz
[1.834s] -- Symlinking: /home/noobinventor/parc_ws/src/install/parc_robot_description/share/parc_robot_description/materials/scripts/.vscode/c_cpp_properties.json
[1.837s] -- Symlinking: /home/noobinventor/parc_ws/src/install/parc_robot_description/share/parc_robot_description/materials/scripts/.vscode/settings.json
[1.839s] -- Symlinking: /home/noobinventor/parc_ws/src/install/parc_robot_description/share/parc_robot_description/materials/scripts/dirty_metal.material
[1.842s] -- Symlinking: /home/noobinventor/parc_ws/src/install/parc_robot_description/share/parc_robot_description/materials/textures/dirty_metal.jpg
[1.846s] -- Symlinking: /home/noobinventor/parc_ws/src/install/parc_robot_description/share/ament_index/resource_index/package_run_dependencies/parc_robot_description
[1.849s] -- Symlinking: /home/noobinventor/parc_ws/src/install/parc_robot_description/share/ament_index/resource_index/parent_prefix_path/parc_robot_description
[1.852s] -- Symlinking: /home/noobinventor/parc_ws/src/install/parc_robot_description/share/parc_robot_description/environment/ament_prefix_path.sh
[1.855s] -- Symlinking: /home/noobinventor/parc_ws/src/install/parc_robot_description/share/parc_robot_description/environment/ament_prefix_path.dsv
[1.858s] -- Symlinking: /home/noobinventor/parc_ws/src/install/parc_robot_description/share/parc_robot_description/environment/path.sh
[1.861s] -- Symlinking: /home/noobinventor/parc_ws/src/install/parc_robot_description/share/parc_robot_description/environment/path.dsv
[1.863s] -- Symlinking: /home/noobinventor/parc_ws/src/install/parc_robot_description/share/parc_robot_description/local_setup.bash
[1.866s] -- Symlinking: /home/noobinventor/parc_ws/src/install/parc_robot_description/share/parc_robot_description/local_setup.sh
[1.869s] -- Symlinking: /home/noobinventor/parc_ws/src/install/parc_robot_description/share/parc_robot_description/local_setup.zsh
[1.872s] -- Symlinking: /home/noobinventor/parc_ws/src/install/parc_robot_description/share/parc_robot_description/local_setup.dsv
[1.875s] -- Symlinking: /home/noobinventor/parc_ws/src/install/parc_robot_description/share/parc_robot_description/package.dsv
[1.878s] -- Symlinking: /home/noobinventor/parc_ws/src/install/parc_robot_description/share/ament_index/resource_index/packages/parc_robot_description
[1.880s] -- Symlinking: /home/noobinventor/parc_ws/src/install/parc_robot_description/share/parc_robot_description/cmake/parc_robot_descriptionConfig.cmake
[1.884s] -- Symlinking: /home/noobinventor/parc_ws/src/install/parc_robot_description/share/parc_robot_description/cmake/parc_robot_descriptionConfig-version.cmake
[1.887s] -- Symlinking: /home/noobinventor/parc_ws/src/install/parc_robot_description/share/parc_robot_description/package.xml
[1.891s] Invoked command in '/home/noobinventor/parc_ws/src/build/parc_robot_description' returned '0': CMAKE_PREFIX_PATH=${CMAKE_PREFIX_PATH}:/home/noobinventor/parc_ws/install/parc_robot_gazebo:/home/noobinventor/parc_ws/install/parc_robot_description:/home/noobinventor/parc_ws/install/parc_robot_control:/home/noobinventor/parc_ws/install/parc_robot_bringup:/home/noobinventor/parc_ws/install/parc_robot:/opt/ros/humble /usr/bin/cmake --install /home/noobinventor/parc_ws/src/build/parc_robot_description
