[0.940s] DEBUG:colcon:Command line arguments: ['/usr/bin/colcon', 'build', '--symlink-install']
[0.940s] DEBUG:colcon:Parsed command line arguments: Namespace(log_base=None, log_level=None, verb_name='build', build_base='build', install_base='install', merge_install=False, symlink_install=True, test_result_base=None, continue_on_error=False, executor='parallel', parallel_workers=16, event_handlers=None, ignore_user_meta=False, metas=['./colcon.meta'], base_paths=['.'], packages_ignore=None, packages_ignore_regex=None, paths=None, packages_up_to=None, packages_up_to_regex=None, packages_above=None, packages_above_and_dependencies=None, packages_above_depth=None, packages_select_by_dep=None, packages_skip_by_dep=None, packages_skip_up_to=None, packages_select_build_failed=False, packages_skip_build_finished=False, packages_select_test_failures=False, packages_skip_test_passed=False, packages_select=None, packages_skip=None, packages_select_regex=None, packages_skip_regex=None, packages_start=None, packages_end=None, allow_overriding=[], cmake_args=None, cmake_target=None, cmake_target_skip_unavailable=False, cmake_clean_cache=False, cmake_clean_first=False, cmake_force_configure=False, ament_cmake_args=None, catkin_cmake_args=None, catkin_skip_building_tests=False, mixin_files=None, mixin=None, verb_parser=<colcon_mixin.mixin.mixin_argument.MixinArgumentDecorator object at 0x7f589b3d9bd0>, verb_extension=<colcon_core.verb.build.BuildVerb object at 0x7f589b3d9b40>, main=<bound method BuildVerb.main of <colcon_core.verb.build.BuildVerb object at 0x7f589b3d9b40>>, mixin_verb=('build',))
[0.972s] Level 1:colcon.colcon_core.package_discovery:discover_packages(colcon_meta) check parameters
[0.972s] Level 1:colcon.colcon_core.package_discovery:discover_packages(recursive) check parameters
[0.972s] Level 1:colcon.colcon_core.package_discovery:discover_packages(ignore) check parameters
[0.972s] Level 1:colcon.colcon_core.package_discovery:discover_packages(path) check parameters
[0.972s] Level 1:colcon.colcon_core.package_discovery:discover_packages(colcon_meta) discover
[0.972s] Level 1:colcon.colcon_core.package_discovery:discover_packages(recursive) discover
[0.972s] INFO:colcon.colcon_core.package_discovery:Crawling recursively for packages in '/home/noobinventor/parc_ws/src'
[0.972s] Level 1:colcon.colcon_core.package_identification:_identify(.) by extensions ['ignore', 'ignore_ament_install']
[0.972s] Level 1:colcon.colcon_core.package_identification:_identify(.) by extension 'ignore'
[0.972s] Level 1:colcon.colcon_core.package_identification:_identify(.) by extension 'ignore_ament_install'
[0.972s] Level 1:colcon.colcon_core.package_identification:_identify(.) by extensions ['colcon_pkg']
[0.972s] Level 1:colcon.colcon_core.package_identification:_identify(.) by extension 'colcon_pkg'
[0.972s] Level 1:colcon.colcon_core.package_identification:_identify(.) by extensions ['colcon_meta']
[0.972s] Level 1:colcon.colcon_core.package_identification:_identify(.) by extension 'colcon_meta'
[0.972s] Level 1:colcon.colcon_core.package_identification:_identify(.) by extensions ['ros']
[0.972s] Level 1:colcon.colcon_core.package_identification:_identify(.) by extension 'ros'
[0.979s] Level 1:colcon.colcon_core.package_identification:_identify(.) by extensions ['cmake', 'python']
[0.979s] Level 1:colcon.colcon_core.package_identification:_identify(.) by extension 'cmake'
[0.979s] Level 1:colcon.colcon_core.package_identification:_identify(.) by extension 'python'
[0.979s] Level 1:colcon.colcon_core.package_identification:_identify(.) by extensions ['python_setup_py']
[0.979s] Level 1:colcon.colcon_core.package_identification:_identify(.) by extension 'python_setup_py'
[0.979s] Level 1:colcon.colcon_core.package_identification:_identify(build) by extensions ['ignore', 'ignore_ament_install']
[0.979s] Level 1:colcon.colcon_core.package_identification:_identify(build) by extension 'ignore'
[0.979s] Level 1:colcon.colcon_core.package_identification:_identify(build) ignored
[0.979s] Level 1:colcon.colcon_core.package_identification:_identify(install) by extensions ['ignore', 'ignore_ament_install']
[0.979s] Level 1:colcon.colcon_core.package_identification:_identify(install) by extension 'ignore'
[0.979s] Level 1:colcon.colcon_core.package_identification:_identify(install) ignored
[0.979s] Level 1:colcon.colcon_core.package_identification:_identify(log) by extensions ['ignore', 'ignore_ament_install']
[0.979s] Level 1:colcon.colcon_core.package_identification:_identify(log) by extension 'ignore'
[0.979s] Level 1:colcon.colcon_core.package_identification:_identify(log) ignored
[0.979s] Level 1:colcon.colcon_core.package_identification:_identify(parc_robot) by extensions ['ignore', 'ignore_ament_install']
[0.979s] Level 1:colcon.colcon_core.package_identification:_identify(parc_robot) by extension 'ignore'
[0.979s] Level 1:colcon.colcon_core.package_identification:_identify(parc_robot) by extension 'ignore_ament_install'
[0.980s] Level 1:colcon.colcon_core.package_identification:_identify(parc_robot) by extensions ['colcon_pkg']
[0.980s] Level 1:colcon.colcon_core.package_identification:_identify(parc_robot) by extension 'colcon_pkg'
[0.980s] Level 1:colcon.colcon_core.package_identification:_identify(parc_robot) by extensions ['colcon_meta']
[0.980s] Level 1:colcon.colcon_core.package_identification:_identify(parc_robot) by extension 'colcon_meta'
[0.980s] Level 1:colcon.colcon_core.package_identification:_identify(parc_robot) by extensions ['ros']
[0.980s] Level 1:colcon.colcon_core.package_identification:_identify(parc_robot) by extension 'ros'
[0.981s] DEBUG:colcon.colcon_core.package_identification:Package 'parc_robot' with type 'ros.ament_python' and name 'parc_robot'
[0.981s] Level 1:colcon.colcon_core.package_identification:_identify(parc_robot_bringup) by extensions ['ignore', 'ignore_ament_install']
[0.981s] Level 1:colcon.colcon_core.package_identification:_identify(parc_robot_bringup) by extension 'ignore'
[0.981s] Level 1:colcon.colcon_core.package_identification:_identify(parc_robot_bringup) by extension 'ignore_ament_install'
[0.981s] Level 1:colcon.colcon_core.package_identification:_identify(parc_robot_bringup) by extensions ['colcon_pkg']
[0.981s] Level 1:colcon.colcon_core.package_identification:_identify(parc_robot_bringup) by extension 'colcon_pkg'
[0.981s] Level 1:colcon.colcon_core.package_identification:_identify(parc_robot_bringup) by extensions ['colcon_meta']
[0.981s] Level 1:colcon.colcon_core.package_identification:_identify(parc_robot_bringup) by extension 'colcon_meta'
[0.981s] Level 1:colcon.colcon_core.package_identification:_identify(parc_robot_bringup) by extensions ['ros']
[0.981s] Level 1:colcon.colcon_core.package_identification:_identify(parc_robot_bringup) by extension 'ros'
[0.982s] DEBUG:colcon.colcon_core.package_identification:Package 'parc_robot_bringup' with type 'ros.ament_python' and name 'parc_robot_bringup'
[0.982s] Level 1:colcon.colcon_core.package_identification:_identify(parc_robot_control) by extensions ['ignore', 'ignore_ament_install']
[0.982s] Level 1:colcon.colcon_core.package_identification:_identify(parc_robot_control) by extension 'ignore'
[0.982s] Level 1:colcon.colcon_core.package_identification:_identify(parc_robot_control) by extension 'ignore_ament_install'
[0.982s] Level 1:colcon.colcon_core.package_identification:_identify(parc_robot_control) by extensions ['colcon_pkg']
[0.982s] Level 1:colcon.colcon_core.package_identification:_identify(parc_robot_control) by extension 'colcon_pkg'
[0.982s] Level 1:colcon.colcon_core.package_identification:_identify(parc_robot_control) by extensions ['colcon_meta']
[0.982s] Level 1:colcon.colcon_core.package_identification:_identify(parc_robot_control) by extension 'colcon_meta'
[0.982s] Level 1:colcon.colcon_core.package_identification:_identify(parc_robot_control) by extensions ['ros']
[0.982s] Level 1:colcon.colcon_core.package_identification:_identify(parc_robot_control) by extension 'ros'
[0.982s] DEBUG:colcon.colcon_core.package_identification:Package 'parc_robot_control' with type 'ros.ament_python' and name 'parc_robot_control'
[0.982s] Level 1:colcon.colcon_core.package_identification:_identify(parc_robot_description) by extensions ['ignore', 'ignore_ament_install']
[0.982s] Level 1:colcon.colcon_core.package_identification:_identify(parc_robot_description) by extension 'ignore'
[0.982s] Level 1:colcon.colcon_core.package_identification:_identify(parc_robot_description) by extension 'ignore_ament_install'
[0.982s] Level 1:colcon.colcon_core.package_identification:_identify(parc_robot_description) by extensions ['colcon_pkg']
[0.982s] Level 1:colcon.colcon_core.package_identification:_identify(parc_robot_description) by extension 'colcon_pkg'
[0.982s] Level 1:colcon.colcon_core.package_identification:_identify(parc_robot_description) by extensions ['colcon_meta']
[0.982s] Level 1:colcon.colcon_core.package_identification:_identify(parc_robot_description) by extension 'colcon_meta'
[0.982s] Level 1:colcon.colcon_core.package_identification:_identify(parc_robot_description) by extensions ['ros']
[0.982s] Level 1:colcon.colcon_core.package_identification:_identify(parc_robot_description) by extension 'ros'
[0.983s] DEBUG:colcon.colcon_core.package_identification:Package 'parc_robot_description' with type 'ros.ament_cmake' and name 'parc_robot_description'
[0.983s] Level 1:colcon.colcon_core.package_identification:_identify(parc_robot_gazebo) by extensions ['ignore', 'ignore_ament_install']
[0.983s] Level 1:colcon.colcon_core.package_identification:_identify(parc_robot_gazebo) by extension 'ignore'
[0.983s] Level 1:colcon.colcon_core.package_identification:_identify(parc_robot_gazebo) by extension 'ignore_ament_install'
[0.983s] Level 1:colcon.colcon_core.package_identification:_identify(parc_robot_gazebo) by extensions ['colcon_pkg']
[0.983s] Level 1:colcon.colcon_core.package_identification:_identify(parc_robot_gazebo) by extension 'colcon_pkg'
[0.983s] Level 1:colcon.colcon_core.package_identification:_identify(parc_robot_gazebo) by extensions ['colcon_meta']
[0.983s] Level 1:colcon.colcon_core.package_identification:_identify(parc_robot_gazebo) by extension 'colcon_meta'
[0.983s] Level 1:colcon.colcon_core.package_identification:_identify(parc_robot_gazebo) by extensions ['ros']
[0.983s] Level 1:colcon.colcon_core.package_identification:_identify(parc_robot_gazebo) by extension 'ros'
[0.983s] DEBUG:colcon.colcon_core.package_identification:Package 'parc_robot_gazebo' with type 'ros.ament_python' and name 'parc_robot_gazebo'
[0.983s] Level 1:colcon.colcon_core.package_discovery:discover_packages(recursive) using defaults
[0.983s] Level 1:colcon.colcon_core.package_discovery:discover_packages(ignore) discover
[0.983s] Level 1:colcon.colcon_core.package_discovery:discover_packages(ignore) using defaults
[0.983s] Level 1:colcon.colcon_core.package_discovery:discover_packages(path) discover
[0.983s] Level 1:colcon.colcon_core.package_discovery:discover_packages(path) using defaults
[1.048s] Level 1:colcon.colcon_core.package_discovery:discover_packages(prefix_path) check parameters
[1.048s] Level 1:colcon.colcon_core.package_discovery:discover_packages(prefix_path) discover
[1.071s] DEBUG:colcon.colcon_installed_package_information.package_discovery:Found 5 installed packages in /home/noobinventor/parc_ws/install
[1.082s] DEBUG:colcon.colcon_installed_package_information.package_discovery:Found 9 installed packages in /home/noobinventor/akabot_ws/install
[1.092s] DEBUG:colcon.colcon_installed_package_information.package_discovery:Found 8 installed packages in /home/noobinventor/lidarbot_ws/install
[1.103s] DEBUG:colcon.colcon_installed_package_information.package_discovery:Found 2 installed packages in /home/noobinventor/forklift_ws/install
[1.113s] DEBUG:colcon.colcon_installed_package_information.package_discovery:Found 4 installed packages in /home/noobinventor/mpu_ws/install
[1.125s] DEBUG:colcon.colcon_installed_package_information.package_discovery:Found 421 installed packages in /opt/ros/humble
[1.126s] Level 1:colcon.colcon_core.package_discovery:discover_packages(prefix_path) using defaults
[1.189s] Level 5:colcon.colcon_core.verb:set package 'parc_robot' build argument 'cmake_args' from command line to 'None'
[1.189s] Level 5:colcon.colcon_core.verb:set package 'parc_robot' build argument 'cmake_target' from command line to 'None'
[1.189s] Level 5:colcon.colcon_core.verb:set package 'parc_robot' build argument 'cmake_target_skip_unavailable' from command line to 'False'
[1.189s] Level 5:colcon.colcon_core.verb:set package 'parc_robot' build argument 'cmake_clean_cache' from command line to 'False'
[1.189s] Level 5:colcon.colcon_core.verb:set package 'parc_robot' build argument 'cmake_clean_first' from command line to 'False'
[1.189s] Level 5:colcon.colcon_core.verb:set package 'parc_robot' build argument 'cmake_force_configure' from command line to 'False'
[1.189s] Level 5:colcon.colcon_core.verb:set package 'parc_robot' build argument 'ament_cmake_args' from command line to 'None'
[1.189s] Level 5:colcon.colcon_core.verb:set package 'parc_robot' build argument 'catkin_cmake_args' from command line to 'None'
[1.189s] Level 5:colcon.colcon_core.verb:set package 'parc_robot' build argument 'catkin_skip_building_tests' from command line to 'False'
[1.189s] DEBUG:colcon.colcon_core.verb:Building package 'parc_robot' with the following arguments: {'ament_cmake_args': None, 'build_base': '/home/noobinventor/parc_ws/src/build/parc_robot', 'catkin_cmake_args': None, 'catkin_skip_building_tests': False, 'cmake_args': None, 'cmake_clean_cache': False, 'cmake_clean_first': False, 'cmake_force_configure': False, 'cmake_target': None, 'cmake_target_skip_unavailable': False, 'install_base': '/home/noobinventor/parc_ws/src/install/parc_robot', 'merge_install': False, 'path': '/home/noobinventor/parc_ws/src/parc_robot', 'symlink_install': True, 'test_result_base': None}
[1.200s] Level 5:colcon.colcon_core.verb:set package 'parc_robot_bringup' build argument 'cmake_args' from command line to 'None'
[1.200s] Level 5:colcon.colcon_core.verb:set package 'parc_robot_bringup' build argument 'cmake_target' from command line to 'None'
[1.200s] Level 5:colcon.colcon_core.verb:set package 'parc_robot_bringup' build argument 'cmake_target_skip_unavailable' from command line to 'False'
[1.200s] Level 5:colcon.colcon_core.verb:set package 'parc_robot_bringup' build argument 'cmake_clean_cache' from command line to 'False'
[1.200s] Level 5:colcon.colcon_core.verb:set package 'parc_robot_bringup' build argument 'cmake_clean_first' from command line to 'False'
[1.200s] Level 5:colcon.colcon_core.verb:set package 'parc_robot_bringup' build argument 'cmake_force_configure' from command line to 'False'
[1.200s] Level 5:colcon.colcon_core.verb:set package 'parc_robot_bringup' build argument 'ament_cmake_args' from command line to 'None'
[1.200s] Level 5:colcon.colcon_core.verb:set package 'parc_robot_bringup' build argument 'catkin_cmake_args' from command line to 'None'
[1.200s] Level 5:colcon.colcon_core.verb:set package 'parc_robot_bringup' build argument 'catkin_skip_building_tests' from command line to 'False'
[1.200s] DEBUG:colcon.colcon_core.verb:Building package 'parc_robot_bringup' with the following arguments: {'ament_cmake_args': None, 'build_base': '/home/noobinventor/parc_ws/src/build/parc_robot_bringup', 'catkin_cmake_args': None, 'catkin_skip_building_tests': False, 'cmake_args': None, 'cmake_clean_cache': False, 'cmake_clean_first': False, 'cmake_force_configure': False, 'cmake_target': None, 'cmake_target_skip_unavailable': False, 'install_base': '/home/noobinventor/parc_ws/src/install/parc_robot_bringup', 'merge_install': False, 'path': '/home/noobinventor/parc_ws/src/parc_robot_bringup', 'symlink_install': True, 'test_result_base': None}
[1.211s] Level 5:colcon.colcon_core.verb:set package 'parc_robot_control' build argument 'cmake_args' from command line to 'None'
[1.211s] Level 5:colcon.colcon_core.verb:set package 'parc_robot_control' build argument 'cmake_target' from command line to 'None'
[1.211s] Level 5:colcon.colcon_core.verb:set package 'parc_robot_control' build argument 'cmake_target_skip_unavailable' from command line to 'False'
[1.211s] Level 5:colcon.colcon_core.verb:set package 'parc_robot_control' build argument 'cmake_clean_cache' from command line to 'False'
[1.211s] Level 5:colcon.colcon_core.verb:set package 'parc_robot_control' build argument 'cmake_clean_first' from command line to 'False'
[1.211s] Level 5:colcon.colcon_core.verb:set package 'parc_robot_control' build argument 'cmake_force_configure' from command line to 'False'
[1.211s] Level 5:colcon.colcon_core.verb:set package 'parc_robot_control' build argument 'ament_cmake_args' from command line to 'None'
[1.211s] Level 5:colcon.colcon_core.verb:set package 'parc_robot_control' build argument 'catkin_cmake_args' from command line to 'None'
[1.211s] Level 5:colcon.colcon_core.verb:set package 'parc_robot_control' build argument 'catkin_skip_building_tests' from command line to 'False'
[1.211s] DEBUG:colcon.colcon_core.verb:Building package 'parc_robot_control' with the following arguments: {'ament_cmake_args': None, 'build_base': '/home/noobinventor/parc_ws/src/build/parc_robot_control', 'catkin_cmake_args': None, 'catkin_skip_building_tests': False, 'cmake_args': None, 'cmake_clean_cache': False, 'cmake_clean_first': False, 'cmake_force_configure': False, 'cmake_target': None, 'cmake_target_skip_unavailable': False, 'install_base': '/home/noobinventor/parc_ws/src/install/parc_robot_control', 'merge_install': False, 'path': '/home/noobinventor/parc_ws/src/parc_robot_control', 'symlink_install': True, 'test_result_base': None}
[1.222s] Level 5:colcon.colcon_core.verb:set package 'parc_robot_description' build argument 'cmake_args' from command line to 'None'
[1.222s] Level 5:colcon.colcon_core.verb:set package 'parc_robot_description' build argument 'cmake_target' from command line to 'None'
[1.222s] Level 5:colcon.colcon_core.verb:set package 'parc_robot_description' build argument 'cmake_target_skip_unavailable' from command line to 'False'
[1.222s] Level 5:colcon.colcon_core.verb:set package 'parc_robot_description' build argument 'cmake_clean_cache' from command line to 'False'
[1.222s] Level 5:colcon.colcon_core.verb:set package 'parc_robot_description' build argument 'cmake_clean_first' from command line to 'False'
[1.222s] Level 5:colcon.colcon_core.verb:set package 'parc_robot_description' build argument 'cmake_force_configure' from command line to 'False'
[1.222s] Level 5:colcon.colcon_core.verb:set package 'parc_robot_description' build argument 'ament_cmake_args' from command line to 'None'
[1.222s] Level 5:colcon.colcon_core.verb:set package 'parc_robot_description' build argument 'catkin_cmake_args' from command line to 'None'
[1.222s] Level 5:colcon.colcon_core.verb:set package 'parc_robot_description' build argument 'catkin_skip_building_tests' from command line to 'False'
[1.222s] DEBUG:colcon.colcon_core.verb:Building package 'parc_robot_description' with the following arguments: {'ament_cmake_args': None, 'build_base': '/home/noobinventor/parc_ws/src/build/parc_robot_description', 'catkin_cmake_args': None, 'catkin_skip_building_tests': False, 'cmake_args': None, 'cmake_clean_cache': False, 'cmake_clean_first': False, 'cmake_force_configure': False, 'cmake_target': None, 'cmake_target_skip_unavailable': False, 'install_base': '/home/noobinventor/parc_ws/src/install/parc_robot_description', 'merge_install': False, 'path': '/home/noobinventor/parc_ws/src/parc_robot_description', 'symlink_install': True, 'test_result_base': None}
[1.233s] Level 5:colcon.colcon_core.verb:set package 'parc_robot_gazebo' build argument 'cmake_args' from command line to 'None'
[1.233s] Level 5:colcon.colcon_core.verb:set package 'parc_robot_gazebo' build argument 'cmake_target' from command line to 'None'
[1.233s] Level 5:colcon.colcon_core.verb:set package 'parc_robot_gazebo' build argument 'cmake_target_skip_unavailable' from command line to 'False'
[1.233s] Level 5:colcon.colcon_core.verb:set package 'parc_robot_gazebo' build argument 'cmake_clean_cache' from command line to 'False'
[1.233s] Level 5:colcon.colcon_core.verb:set package 'parc_robot_gazebo' build argument 'cmake_clean_first' from command line to 'False'
[1.233s] Level 5:colcon.colcon_core.verb:set package 'parc_robot_gazebo' build argument 'cmake_force_configure' from command line to 'False'
[1.233s] Level 5:colcon.colcon_core.verb:set package 'parc_robot_gazebo' build argument 'ament_cmake_args' from command line to 'None'
[1.233s] Level 5:colcon.colcon_core.verb:set package 'parc_robot_gazebo' build argument 'catkin_cmake_args' from command line to 'None'
[1.233s] Level 5:colcon.colcon_core.verb:set package 'parc_robot_gazebo' build argument 'catkin_skip_building_tests' from command line to 'False'
[1.233s] DEBUG:colcon.colcon_core.verb:Building package 'parc_robot_gazebo' with the following arguments: {'ament_cmake_args': None, 'build_base': '/home/noobinventor/parc_ws/src/build/parc_robot_gazebo', 'catkin_cmake_args': None, 'catkin_skip_building_tests': False, 'cmake_args': None, 'cmake_clean_cache': False, 'cmake_clean_first': False, 'cmake_force_configure': False, 'cmake_target': None, 'cmake_target_skip_unavailable': False, 'install_base': '/home/noobinventor/parc_ws/src/install/parc_robot_gazebo', 'merge_install': False, 'path': '/home/noobinventor/parc_ws/src/parc_robot_gazebo', 'symlink_install': True, 'test_result_base': None}
[1.244s] INFO:colcon.colcon_core.executor:Executing jobs using 'parallel' executor
[1.255s] DEBUG:colcon.colcon_parallel_executor.executor.parallel:run_until_complete
[1.255s] INFO:colcon.colcon_ros.task.ament_python.build:Building ROS package in '/home/noobinventor/parc_ws/src/parc_robot' with build type 'ament_python'
[1.255s] Level 1:colcon.colcon_core.shell:create_environment_hook('parc_robot', 'ament_prefix_path')
[1.268s] INFO:colcon.colcon_core.plugin_system:Skipping extension 'colcon_core.shell.bat': Not used on non-Windows systems
[1.268s] INFO:colcon.colcon_core.shell:Creating environment hook '/home/noobinventor/parc_ws/src/install/parc_robot/share/parc_robot/hook/ament_prefix_path.ps1'
[1.268s] INFO:colcon.colcon_core.shell:Creating environment descriptor '/home/noobinventor/parc_ws/src/install/parc_robot/share/parc_robot/hook/ament_prefix_path.dsv'
[1.268s] INFO:colcon.colcon_core.shell:Creating environment hook '/home/noobinventor/parc_ws/src/install/parc_robot/share/parc_robot/hook/ament_prefix_path.sh'
[1.279s] INFO:colcon.colcon_core.shell:Skip shell extension 'powershell' for command environment: Not usable outside of PowerShell
[1.280s] DEBUG:colcon.colcon_core.shell:Skip shell extension 'dsv' for command environment
[1.368s] INFO:colcon.colcon_ros.task.ament_python.build:Building ROS package in '/home/noobinventor/parc_ws/src/parc_robot_bringup' with build type 'ament_python'
[1.369s] Level 1:colcon.colcon_core.shell:create_environment_hook('parc_robot_bringup', 'ament_prefix_path')
[1.381s] INFO:colcon.colcon_core.shell:Creating environment hook '/home/noobinventor/parc_ws/src/install/parc_robot_bringup/share/parc_robot_bringup/hook/ament_prefix_path.ps1'
[1.381s] INFO:colcon.colcon_core.shell:Creating environment descriptor '/home/noobinventor/parc_ws/src/install/parc_robot_bringup/share/parc_robot_bringup/hook/ament_prefix_path.dsv'
[1.381s] INFO:colcon.colcon_core.shell:Creating environment hook '/home/noobinventor/parc_ws/src/install/parc_robot_bringup/share/parc_robot_bringup/hook/ament_prefix_path.sh'
[1.392s] INFO:colcon.colcon_core.shell:Skip shell extension 'powershell' for command environment: Not usable outside of PowerShell
[1.392s] DEBUG:colcon.colcon_core.shell:Skip shell extension 'dsv' for command environment
[1.475s] INFO:colcon.colcon_ros.task.ament_python.build:Building ROS package in '/home/noobinventor/parc_ws/src/parc_robot_control' with build type 'ament_python'
[1.475s] Level 1:colcon.colcon_core.shell:create_environment_hook('parc_robot_control', 'ament_prefix_path')
[1.488s] INFO:colcon.colcon_core.shell:Creating environment hook '/home/noobinventor/parc_ws/src/install/parc_robot_control/share/parc_robot_control/hook/ament_prefix_path.ps1'
[1.488s] INFO:colcon.colcon_core.shell:Creating environment descriptor '/home/noobinventor/parc_ws/src/install/parc_robot_control/share/parc_robot_control/hook/ament_prefix_path.dsv'
[1.488s] INFO:colcon.colcon_core.shell:Creating environment hook '/home/noobinventor/parc_ws/src/install/parc_robot_control/share/parc_robot_control/hook/ament_prefix_path.sh'
[1.500s] INFO:colcon.colcon_core.shell:Skip shell extension 'powershell' for command environment: Not usable outside of PowerShell
[1.500s] DEBUG:colcon.colcon_core.shell:Skip shell extension 'dsv' for command environment
[1.588s] INFO:colcon.colcon_ros.task.ament_cmake.build:Building ROS package in '/home/noobinventor/parc_ws/src/parc_robot_description' with build type 'ament_cmake'
[1.588s] INFO:colcon.colcon_cmake.task.cmake.build:Building CMake package in '/home/noobinventor/parc_ws/src/parc_robot_description'
[1.601s] INFO:colcon.colcon_core.shell:Skip shell extension 'powershell' for command environment: Not usable outside of PowerShell
[1.601s] DEBUG:colcon.colcon_core.shell:Skip shell extension 'dsv' for command environment
[1.682s] INFO:colcon.colcon_ros.task.ament_python.build:Building ROS package in '/home/noobinventor/parc_ws/src/parc_robot_gazebo' with build type 'ament_python'
[1.682s] Level 1:colcon.colcon_core.shell:create_environment_hook('parc_robot_gazebo', 'ament_prefix_path')
[1.695s] INFO:colcon.colcon_core.shell:Creating environment hook '/home/noobinventor/parc_ws/src/install/parc_robot_gazebo/share/parc_robot_gazebo/hook/ament_prefix_path.ps1'
[1.695s] INFO:colcon.colcon_core.shell:Creating environment descriptor '/home/noobinventor/parc_ws/src/install/parc_robot_gazebo/share/parc_robot_gazebo/hook/ament_prefix_path.dsv'
[1.695s] INFO:colcon.colcon_core.shell:Creating environment hook '/home/noobinventor/parc_ws/src/install/parc_robot_gazebo/share/parc_robot_gazebo/hook/ament_prefix_path.sh'
[1.709s] INFO:colcon.colcon_core.shell:Skip shell extension 'powershell' for command environment: Not usable outside of PowerShell
[1.709s] DEBUG:colcon.colcon_core.shell:Skip shell extension 'dsv' for command environment
[1.998s] INFO:colcon.colcon_core.task.python.build:Building Python package in '/home/noobinventor/parc_ws/src/parc_robot'
[2.010s] INFO:colcon.colcon_core.shell:Skip shell extension 'powershell' for command environment: Not usable outside of PowerShell
[2.010s] DEBUG:colcon.colcon_core.shell:Skip shell extension 'dsv' for command environment
[2.284s] INFO:colcon.colcon_core.task.python.build:Building Python package in '/home/noobinventor/parc_ws/src/parc_robot_bringup'
[2.296s] INFO:colcon.colcon_core.shell:Skip shell extension 'powershell' for command environment: Not usable outside of PowerShell
[2.296s] DEBUG:colcon.colcon_core.shell:Skip shell extension 'dsv' for command environment
[2.570s] INFO:colcon.colcon_core.task.python.build:Building Python package in '/home/noobinventor/parc_ws/src/parc_robot_control'
[2.582s] INFO:colcon.colcon_core.shell:Skip shell extension 'powershell' for command environment: Not usable outside of PowerShell
[2.582s] DEBUG:colcon.colcon_core.shell:Skip shell extension 'dsv' for command environment
[2.672s] DEBUG:colcon.colcon_core.event_handler.log_command:Invoking command in '/home/noobinventor/parc_ws/src/build/parc_robot_description': CMAKE_PREFIX_PATH=${CMAKE_PREFIX_PATH}:/home/noobinventor/parc_ws/install/parc_robot_gazebo:/home/noobinventor/parc_ws/install/parc_robot_description:/home/noobinventor/parc_ws/install/parc_robot_control:/home/noobinventor/parc_ws/install/parc_robot_bringup:/home/noobinventor/parc_ws/install/parc_robot:/opt/ros/humble /usr/bin/cmake --build /home/noobinventor/parc_ws/src/build/parc_robot_description -- -j16 -l16
[2.875s] INFO:colcon.colcon_core.task.python.build:Building Python package in '/home/noobinventor/parc_ws/src/parc_robot_gazebo'
[2.886s] INFO:colcon.colcon_core.shell:Skip shell extension 'powershell' for command environment: Not usable outside of PowerShell
[2.886s] DEBUG:colcon.colcon_core.shell:Skip shell extension 'dsv' for command environment
[2.971s] DEBUG:colcon.colcon_core.event_handler.log_command:Invoked command in '/home/noobinventor/parc_ws/src/build/parc_robot_description' returned '0': CMAKE_PREFIX_PATH=${CMAKE_PREFIX_PATH}:/home/noobinventor/parc_ws/install/parc_robot_gazebo:/home/noobinventor/parc_ws/install/parc_robot_description:/home/noobinventor/parc_ws/install/parc_robot_control:/home/noobinventor/parc_ws/install/parc_robot_bringup:/home/noobinventor/parc_ws/install/parc_robot:/opt/ros/humble /usr/bin/cmake --build /home/noobinventor/parc_ws/src/build/parc_robot_description -- -j16 -l16
[2.985s] DEBUG:colcon.colcon_core.event_handler.log_command:Invoking command in '/home/noobinventor/parc_ws/src/build/parc_robot_description': CMAKE_PREFIX_PATH=${CMAKE_PREFIX_PATH}:/home/noobinventor/parc_ws/install/parc_robot_gazebo:/home/noobinventor/parc_ws/install/parc_robot_description:/home/noobinventor/parc_ws/install/parc_robot_control:/home/noobinventor/parc_ws/install/parc_robot_bringup:/home/noobinventor/parc_ws/install/parc_robot:/opt/ros/humble /usr/bin/cmake --install /home/noobinventor/parc_ws/src/build/parc_robot_description
[2.994s] Level 1:colcon.colcon_core.environment:create_environment_scripts_only(parc_robot_description)
[2.995s] DEBUG:colcon.colcon_core.event_handler.log_command:Invoked command in '/home/noobinventor/parc_ws/src/build/parc_robot_description' returned '0': CMAKE_PREFIX_PATH=${CMAKE_PREFIX_PATH}:/home/noobinventor/parc_ws/install/parc_robot_gazebo:/home/noobinventor/parc_ws/install/parc_robot_description:/home/noobinventor/parc_ws/install/parc_robot_control:/home/noobinventor/parc_ws/install/parc_robot_bringup:/home/noobinventor/parc_ws/install/parc_robot:/opt/ros/humble /usr/bin/cmake --install /home/noobinventor/parc_ws/src/build/parc_robot_description
[3.023s] Level 1:colcon.colcon_core.environment:checking '/home/noobinventor/parc_ws/src/install/parc_robot_description' for CMake module files
[3.024s] Level 1:colcon.colcon_core.environment:checking '/home/noobinventor/parc_ws/src/install/parc_robot_description' for CMake config files
[3.024s] Level 1:colcon.colcon_core.shell:create_environment_hook('parc_robot_description', 'cmake_prefix_path')
[3.052s] INFO:colcon.colcon_core.shell:Creating environment hook '/home/noobinventor/parc_ws/src/install/parc_robot_description/share/parc_robot_description/hook/cmake_prefix_path.ps1'
[3.053s] INFO:colcon.colcon_core.shell:Creating environment descriptor '/home/noobinventor/parc_ws/src/install/parc_robot_description/share/parc_robot_description/hook/cmake_prefix_path.dsv'
[3.053s] INFO:colcon.colcon_core.shell:Creating environment hook '/home/noobinventor/parc_ws/src/install/parc_robot_description/share/parc_robot_description/hook/cmake_prefix_path.sh'
[3.054s] Level 1:colcon.colcon_core.environment:checking '/home/noobinventor/parc_ws/src/install/parc_robot_description/bin'
[3.054s] Level 1:colcon.colcon_core.environment:checking '/home/noobinventor/parc_ws/src/install/parc_robot_description/lib/pkgconfig/parc_robot_description.pc'
[3.054s] Level 1:colcon.colcon_core.environment:checking '/home/noobinventor/parc_ws/src/install/parc_robot_description/lib/python3.10/site-packages'
[3.055s] Level 1:colcon.colcon_core.environment:checking '/home/noobinventor/parc_ws/src/install/parc_robot_description/bin'
[3.084s] INFO:colcon.colcon_core.shell:Creating package script '/home/noobinventor/parc_ws/src/install/parc_robot_description/share/parc_robot_description/package.ps1'
[3.085s] INFO:colcon.colcon_core.shell:Creating package descriptor '/home/noobinventor/parc_ws/src/install/parc_robot_description/share/parc_robot_description/package.dsv'
[3.086s] INFO:colcon.colcon_core.shell:Creating package script '/home/noobinventor/parc_ws/src/install/parc_robot_description/share/parc_robot_description/package.sh'
[3.087s] INFO:colcon.colcon_core.shell:Creating package script '/home/noobinventor/parc_ws/src/install/parc_robot_description/share/parc_robot_description/package.bash'
[3.087s] INFO:colcon.colcon_core.shell:Creating package script '/home/noobinventor/parc_ws/src/install/parc_robot_description/share/parc_robot_description/package.zsh'
[3.088s] Level 1:colcon.colcon_core.environment:create_file_with_runtime_dependencies(/home/noobinventor/parc_ws/src/install/parc_robot_description/share/colcon-core/packages/parc_robot_description)
[3.128s] Level 1:colcon.colcon_core.environment:create_environment_scripts_only(parc_robot_description)
[3.153s] Level 1:colcon.colcon_core.environment:checking '/home/noobinventor/parc_ws/src/install/parc_robot_description' for CMake module files
[3.153s] Level 1:colcon.colcon_core.environment:checking '/home/noobinventor/parc_ws/src/install/parc_robot_description' for CMake config files
[3.154s] Level 1:colcon.colcon_core.shell:create_environment_hook('parc_robot_description', 'cmake_prefix_path')
[3.181s] INFO:colcon.colcon_core.shell:Creating environment hook '/home/noobinventor/parc_ws/src/install/parc_robot_description/share/parc_robot_description/hook/cmake_prefix_path.ps1'
[3.181s] INFO:colcon.colcon_core.shell:Creating environment descriptor '/home/noobinventor/parc_ws/src/install/parc_robot_description/share/parc_robot_description/hook/cmake_prefix_path.dsv'
[3.181s] INFO:colcon.colcon_core.shell:Creating environment hook '/home/noobinventor/parc_ws/src/install/parc_robot_description/share/parc_robot_description/hook/cmake_prefix_path.sh'
[3.182s] Level 1:colcon.colcon_core.environment:checking '/home/noobinventor/parc_ws/src/install/parc_robot_description/bin'
[3.182s] Level 1:colcon.colcon_core.environment:checking '/home/noobinventor/parc_ws/src/install/parc_robot_description/lib/pkgconfig/parc_robot_description.pc'
[3.182s] Level 1:colcon.colcon_core.environment:checking '/home/noobinventor/parc_ws/src/install/parc_robot_description/lib/python3.10/site-packages'
[3.182s] Level 1:colcon.colcon_core.environment:checking '/home/noobinventor/parc_ws/src/install/parc_robot_description/bin'
[3.208s] INFO:colcon.colcon_core.shell:Creating package script '/home/noobinventor/parc_ws/src/install/parc_robot_description/share/parc_robot_description/package.ps1'
[3.208s] INFO:colcon.colcon_core.shell:Creating package descriptor '/home/noobinventor/parc_ws/src/install/parc_robot_description/share/parc_robot_description/package.dsv'
[3.208s] INFO:colcon.colcon_core.shell:Creating package script '/home/noobinventor/parc_ws/src/install/parc_robot_description/share/parc_robot_description/package.sh'
[3.209s] INFO:colcon.colcon_core.shell:Creating package script '/home/noobinventor/parc_ws/src/install/parc_robot_description/share/parc_robot_description/package.bash'
[3.209s] INFO:colcon.colcon_core.shell:Creating package script '/home/noobinventor/parc_ws/src/install/parc_robot_description/share/parc_robot_description/package.zsh'
[3.210s] Level 1:colcon.colcon_core.environment:create_file_with_runtime_dependencies(/home/noobinventor/parc_ws/src/install/parc_robot_description/share/colcon-core/packages/parc_robot_description)
[3.386s] DEBUG:colcon.colcon_core.event_handler.log_command:Invoking command in '/home/noobinventor/parc_ws/src/build/parc_robot': PYTHONPATH=/home/noobinventor/parc_ws/src/build/parc_robot/prefix_override:/home/noobinventor/parc_ws/src/install/parc_robot/lib/python3.10/site-packages:${PYTHONPATH} /usr/bin/python3 setup.py develop --editable --build-directory /home/noobinventor/parc_ws/src/build/parc_robot/build --no-deps install_data
[3.398s] DEBUG:colcon.colcon_core.event_handler.log_command:Invoking command in '/home/noobinventor/parc_ws/src/build/parc_robot_control': PYTHONPATH=/home/noobinventor/parc_ws/src/build/parc_robot_control/prefix_override:/home/noobinventor/parc_ws/src/install/parc_robot_control/lib/python3.10/site-packages:${PYTHONPATH} /usr/bin/python3 setup.py develop --editable --build-directory /home/noobinventor/parc_ws/src/build/parc_robot_control/build --no-deps install_data
[3.403s] DEBUG:colcon.colcon_core.event_handler.log_command:Invoking command in '/home/noobinventor/parc_ws/src/build/parc_robot_gazebo': PYTHONPATH=/home/noobinventor/parc_ws/src/build/parc_robot_gazebo/prefix_override:/home/noobinventor/parc_ws/src/install/parc_robot_gazebo/lib/python3.10/site-packages:${PYTHONPATH} /usr/bin/python3 setup.py develop --editable --build-directory /home/noobinventor/parc_ws/src/build/parc_robot_gazebo/build --no-deps install_data
[3.430s] DEBUG:colcon.colcon_core.event_handler.log_command:Invoking command in '/home/noobinventor/parc_ws/src/build/parc_robot_bringup': PYTHONPATH=/home/noobinventor/parc_ws/src/build/parc_robot_bringup/prefix_override:/home/noobinventor/parc_ws/src/install/parc_robot_bringup/lib/python3.10/site-packages:${PYTHONPATH} /usr/bin/python3 setup.py develop --editable --build-directory /home/noobinventor/parc_ws/src/build/parc_robot_bringup/build --no-deps install_data
[3.876s] Level 1:colcon.colcon_core.shell:create_environment_hook('parc_robot', 'pythonpath_develop')
[3.876s] DEBUG:colcon.colcon_core.event_handler.log_command:Invoked command in '/home/noobinventor/parc_ws/src/build/parc_robot' returned '0': PYTHONPATH=/home/noobinventor/parc_ws/src/build/parc_robot/prefix_override:/home/noobinventor/parc_ws/src/install/parc_robot/lib/python3.10/site-packages:${PYTHONPATH} /usr/bin/python3 setup.py develop --editable --build-directory /home/noobinventor/parc_ws/src/build/parc_robot/build --no-deps install_data
[3.894s] INFO:colcon.colcon_core.shell:Creating environment hook '/home/noobinventor/parc_ws/src/build/parc_robot/share/parc_robot/hook/pythonpath_develop.ps1'
[3.896s] INFO:colcon.colcon_core.shell:Creating environment descriptor '/home/noobinventor/parc_ws/src/build/parc_robot/share/parc_robot/hook/pythonpath_develop.dsv'
[3.896s] INFO:colcon.colcon_core.shell:Creating environment hook '/home/noobinventor/parc_ws/src/build/parc_robot/share/parc_robot/hook/pythonpath_develop.sh'
[3.912s] Level 1:colcon.colcon_core.environment:checking '/home/noobinventor/parc_ws/src/install/parc_robot' for CMake module files
[3.913s] Level 1:colcon.colcon_core.environment:checking '/home/noobinventor/parc_ws/src/install/parc_robot' for CMake config files
[3.913s] Level 1:colcon.colcon_core.environment:checking '/home/noobinventor/parc_ws/src/install/parc_robot/lib'
[3.913s] Level 1:colcon.colcon_core.environment:checking '/home/noobinventor/parc_ws/src/install/parc_robot/bin'
[3.914s] Level 1:colcon.colcon_core.environment:checking '/home/noobinventor/parc_ws/src/install/parc_robot/lib/pkgconfig/parc_robot.pc'
[3.914s] Level 1:colcon.colcon_core.environment:checking '/home/noobinventor/parc_ws/src/install/parc_robot/lib/python3.10/site-packages'
[3.914s] Level 1:colcon.colcon_core.shell:create_environment_hook('parc_robot', 'pythonpath')
[3.928s] INFO:colcon.colcon_core.shell:Creating environment hook '/home/noobinventor/parc_ws/src/install/parc_robot/share/parc_robot/hook/pythonpath.ps1'
[3.928s] INFO:colcon.colcon_core.shell:Creating environment descriptor '/home/noobinventor/parc_ws/src/install/parc_robot/share/parc_robot/hook/pythonpath.dsv'
[3.929s] INFO:colcon.colcon_core.shell:Creating environment hook '/home/noobinventor/parc_ws/src/install/parc_robot/share/parc_robot/hook/pythonpath.sh'
[3.929s] Level 1:colcon.colcon_core.environment:checking '/home/noobinventor/parc_ws/src/install/parc_robot/bin'
[3.929s] Level 1:colcon.colcon_core.environment:create_environment_scripts_only(parc_robot)
[3.942s] INFO:colcon.colcon_core.shell:Creating package script '/home/noobinventor/parc_ws/src/install/parc_robot/share/parc_robot/package.ps1'
[3.943s] INFO:colcon.colcon_core.shell:Creating package descriptor '/home/noobinventor/parc_ws/src/install/parc_robot/share/parc_robot/package.dsv'
[3.943s] INFO:colcon.colcon_core.shell:Creating package script '/home/noobinventor/parc_ws/src/install/parc_robot/share/parc_robot/package.sh'
[3.943s] INFO:colcon.colcon_core.shell:Creating package script '/home/noobinventor/parc_ws/src/install/parc_robot/share/parc_robot/package.bash'
[3.943s] INFO:colcon.colcon_core.shell:Creating package script '/home/noobinventor/parc_ws/src/install/parc_robot/share/parc_robot/package.zsh'
[3.944s] Level 1:colcon.colcon_core.environment:create_file_with_runtime_dependencies(/home/noobinventor/parc_ws/src/install/parc_robot/share/colcon-core/packages/parc_robot)
[3.945s] Level 1:colcon.colcon_core.shell:create_environment_hook('parc_robot_control', 'pythonpath_develop')
[3.946s] DEBUG:colcon.colcon_core.event_handler.log_command:Invoked command in '/home/noobinventor/parc_ws/src/build/parc_robot_control' returned '0': PYTHONPATH=/home/noobinventor/parc_ws/src/build/parc_robot_control/prefix_override:/home/noobinventor/parc_ws/src/install/parc_robot_control/lib/python3.10/site-packages:${PYTHONPATH} /usr/bin/python3 setup.py develop --editable --build-directory /home/noobinventor/parc_ws/src/build/parc_robot_control/build --no-deps install_data
[3.957s] INFO:colcon.colcon_core.shell:Creating environment hook '/home/noobinventor/parc_ws/src/build/parc_robot_control/share/parc_robot_control/hook/pythonpath_develop.ps1'
[3.958s] INFO:colcon.colcon_core.shell:Creating environment descriptor '/home/noobinventor/parc_ws/src/build/parc_robot_control/share/parc_robot_control/hook/pythonpath_develop.dsv'
[3.958s] INFO:colcon.colcon_core.shell:Creating environment hook '/home/noobinventor/parc_ws/src/build/parc_robot_control/share/parc_robot_control/hook/pythonpath_develop.sh'
[3.970s] Level 1:colcon.colcon_core.environment:checking '/home/noobinventor/parc_ws/src/install/parc_robot_control' for CMake module files
[3.970s] Level 1:colcon.colcon_core.environment:checking '/home/noobinventor/parc_ws/src/install/parc_robot_control' for CMake config files
[3.971s] Level 1:colcon.colcon_core.environment:checking '/home/noobinventor/parc_ws/src/install/parc_robot_control/lib'
[3.971s] Level 1:colcon.colcon_core.environment:checking '/home/noobinventor/parc_ws/src/install/parc_robot_control/bin'
[3.971s] Level 1:colcon.colcon_core.environment:checking '/home/noobinventor/parc_ws/src/install/parc_robot_control/lib/pkgconfig/parc_robot_control.pc'
[3.971s] Level 1:colcon.colcon_core.environment:checking '/home/noobinventor/parc_ws/src/install/parc_robot_control/lib/python3.10/site-packages'
[3.971s] Level 1:colcon.colcon_core.shell:create_environment_hook('parc_robot_control', 'pythonpath')
[3.982s] INFO:colcon.colcon_core.shell:Creating environment hook '/home/noobinventor/parc_ws/src/install/parc_robot_control/share/parc_robot_control/hook/pythonpath.ps1'
[3.983s] INFO:colcon.colcon_core.shell:Creating environment descriptor '/home/noobinventor/parc_ws/src/install/parc_robot_control/share/parc_robot_control/hook/pythonpath.dsv'
[3.983s] INFO:colcon.colcon_core.shell:Creating environment hook '/home/noobinventor/parc_ws/src/install/parc_robot_control/share/parc_robot_control/hook/pythonpath.sh'
[3.983s] Level 1:colcon.colcon_core.environment:checking '/home/noobinventor/parc_ws/src/install/parc_robot_control/bin'
[3.983s] Level 1:colcon.colcon_core.environment:create_environment_scripts_only(parc_robot_control)
[3.996s] INFO:colcon.colcon_core.shell:Creating package script '/home/noobinventor/parc_ws/src/install/parc_robot_control/share/parc_robot_control/package.ps1'
[3.996s] INFO:colcon.colcon_core.shell:Creating package descriptor '/home/noobinventor/parc_ws/src/install/parc_robot_control/share/parc_robot_control/package.dsv'
[3.996s] INFO:colcon.colcon_core.shell:Creating package script '/home/noobinventor/parc_ws/src/install/parc_robot_control/share/parc_robot_control/package.sh'
[3.997s] INFO:colcon.colcon_core.shell:Creating package script '/home/noobinventor/parc_ws/src/install/parc_robot_control/share/parc_robot_control/package.bash'
[3.997s] INFO:colcon.colcon_core.shell:Creating package script '/home/noobinventor/parc_ws/src/install/parc_robot_control/share/parc_robot_control/package.zsh'
[3.997s] Level 1:colcon.colcon_core.environment:create_file_with_runtime_dependencies(/home/noobinventor/parc_ws/src/install/parc_robot_control/share/colcon-core/packages/parc_robot_control)
[3.997s] Level 1:colcon.colcon_core.shell:create_environment_hook('parc_robot_bringup', 'pythonpath_develop')
[3.998s] DEBUG:colcon.colcon_core.event_handler.log_command:Invoked command in '/home/noobinventor/parc_ws/src/build/parc_robot_bringup' returned '0': PYTHONPATH=/home/noobinventor/parc_ws/src/build/parc_robot_bringup/prefix_override:/home/noobinventor/parc_ws/src/install/parc_robot_bringup/lib/python3.10/site-packages:${PYTHONPATH} /usr/bin/python3 setup.py develop --editable --build-directory /home/noobinventor/parc_ws/src/build/parc_robot_bringup/build --no-deps install_data
[4.012s] INFO:colcon.colcon_core.shell:Creating environment hook '/home/noobinventor/parc_ws/src/build/parc_robot_bringup/share/parc_robot_bringup/hook/pythonpath_develop.ps1'
[4.012s] INFO:colcon.colcon_core.shell:Creating environment descriptor '/home/noobinventor/parc_ws/src/build/parc_robot_bringup/share/parc_robot_bringup/hook/pythonpath_develop.dsv'
[4.012s] INFO:colcon.colcon_core.shell:Creating environment hook '/home/noobinventor/parc_ws/src/build/parc_robot_bringup/share/parc_robot_bringup/hook/pythonpath_develop.sh'
[4.023s] Level 1:colcon.colcon_core.environment:checking '/home/noobinventor/parc_ws/src/install/parc_robot_bringup' for CMake module files
[4.023s] Level 1:colcon.colcon_core.environment:checking '/home/noobinventor/parc_ws/src/install/parc_robot_bringup' for CMake config files
[4.024s] Level 1:colcon.colcon_core.environment:checking '/home/noobinventor/parc_ws/src/install/parc_robot_bringup/lib'
[4.024s] Level 1:colcon.colcon_core.environment:checking '/home/noobinventor/parc_ws/src/install/parc_robot_bringup/bin'
[4.024s] Level 1:colcon.colcon_core.environment:checking '/home/noobinventor/parc_ws/src/install/parc_robot_bringup/lib/pkgconfig/parc_robot_bringup.pc'
[4.024s] Level 1:colcon.colcon_core.environment:checking '/home/noobinventor/parc_ws/src/install/parc_robot_bringup/lib/python3.10/site-packages'
[4.024s] Level 1:colcon.colcon_core.shell:create_environment_hook('parc_robot_bringup', 'pythonpath')
[4.035s] INFO:colcon.colcon_core.shell:Creating environment hook '/home/noobinventor/parc_ws/src/install/parc_robot_bringup/share/parc_robot_bringup/hook/pythonpath.ps1'
[4.035s] INFO:colcon.colcon_core.shell:Creating environment descriptor '/home/noobinventor/parc_ws/src/install/parc_robot_bringup/share/parc_robot_bringup/hook/pythonpath.dsv'
[4.035s] INFO:colcon.colcon_core.shell:Creating environment hook '/home/noobinventor/parc_ws/src/install/parc_robot_bringup/share/parc_robot_bringup/hook/pythonpath.sh'
[4.035s] Level 1:colcon.colcon_core.environment:checking '/home/noobinventor/parc_ws/src/install/parc_robot_bringup/bin'
[4.036s] Level 1:colcon.colcon_core.environment:create_environment_scripts_only(parc_robot_bringup)
[4.047s] INFO:colcon.colcon_core.shell:Creating package script '/home/noobinventor/parc_ws/src/install/parc_robot_bringup/share/parc_robot_bringup/package.ps1'
[4.047s] INFO:colcon.colcon_core.shell:Creating package descriptor '/home/noobinventor/parc_ws/src/install/parc_robot_bringup/share/parc_robot_bringup/package.dsv'
[4.047s] INFO:colcon.colcon_core.shell:Creating package script '/home/noobinventor/parc_ws/src/install/parc_robot_bringup/share/parc_robot_bringup/package.sh'
[4.048s] INFO:colcon.colcon_core.shell:Creating package script '/home/noobinventor/parc_ws/src/install/parc_robot_bringup/share/parc_robot_bringup/package.bash'
[4.048s] INFO:colcon.colcon_core.shell:Creating package script '/home/noobinventor/parc_ws/src/install/parc_robot_bringup/share/parc_robot_bringup/package.zsh'
[4.048s] Level 1:colcon.colcon_core.environment:create_file_with_runtime_dependencies(/home/noobinventor/parc_ws/src/install/parc_robot_bringup/share/colcon-core/packages/parc_robot_bringup)
[4.048s] Level 1:colcon.colcon_core.shell:create_environment_hook('parc_robot_gazebo', 'pythonpath_develop')
[4.049s] DEBUG:colcon.colcon_core.event_handler.log_command:Invoked command in '/home/noobinventor/parc_ws/src/build/parc_robot_gazebo' returned '0': PYTHONPATH=/home/noobinventor/parc_ws/src/build/parc_robot_gazebo/prefix_override:/home/noobinventor/parc_ws/src/install/parc_robot_gazebo/lib/python3.10/site-packages:${PYTHONPATH} /usr/bin/python3 setup.py develop --editable --build-directory /home/noobinventor/parc_ws/src/build/parc_robot_gazebo/build --no-deps install_data
[4.062s] INFO:colcon.colcon_core.shell:Creating environment hook '/home/noobinventor/parc_ws/src/build/parc_robot_gazebo/share/parc_robot_gazebo/hook/pythonpath_develop.ps1'
[4.063s] INFO:colcon.colcon_core.shell:Creating environment descriptor '/home/noobinventor/parc_ws/src/build/parc_robot_gazebo/share/parc_robot_gazebo/hook/pythonpath_develop.dsv'
[4.063s] INFO:colcon.colcon_core.shell:Creating environment hook '/home/noobinventor/parc_ws/src/build/parc_robot_gazebo/share/parc_robot_gazebo/hook/pythonpath_develop.sh'
[4.075s] Level 1:colcon.colcon_core.environment:checking '/home/noobinventor/parc_ws/src/install/parc_robot_gazebo' for CMake module files
[4.075s] Level 1:colcon.colcon_core.environment:checking '/home/noobinventor/parc_ws/src/install/parc_robot_gazebo' for CMake config files
[4.075s] Level 1:colcon.colcon_core.environment:checking '/home/noobinventor/parc_ws/src/install/parc_robot_gazebo/lib'
[4.075s] Level 1:colcon.colcon_core.environment:checking '/home/noobinventor/parc_ws/src/install/parc_robot_gazebo/bin'
[4.075s] Level 1:colcon.colcon_core.environment:checking '/home/noobinventor/parc_ws/src/install/parc_robot_gazebo/lib/pkgconfig/parc_robot_gazebo.pc'
[4.076s] Level 1:colcon.colcon_core.environment:checking '/home/noobinventor/parc_ws/src/install/parc_robot_gazebo/lib/python3.10/site-packages'
[4.076s] Level 1:colcon.colcon_core.shell:create_environment_hook('parc_robot_gazebo', 'pythonpath')
[4.087s] INFO:colcon.colcon_core.shell:Creating environment hook '/home/noobinventor/parc_ws/src/install/parc_robot_gazebo/share/parc_robot_gazebo/hook/pythonpath.ps1'
[4.087s] INFO:colcon.colcon_core.shell:Creating environment descriptor '/home/noobinventor/parc_ws/src/install/parc_robot_gazebo/share/parc_robot_gazebo/hook/pythonpath.dsv'
[4.087s] INFO:colcon.colcon_core.shell:Creating environment hook '/home/noobinventor/parc_ws/src/install/parc_robot_gazebo/share/parc_robot_gazebo/hook/pythonpath.sh'
[4.088s] Level 1:colcon.colcon_core.environment:checking '/home/noobinventor/parc_ws/src/install/parc_robot_gazebo/bin'
[4.088s] Level 1:colcon.colcon_core.environment:create_environment_scripts_only(parc_robot_gazebo)
[4.099s] INFO:colcon.colcon_core.shell:Creating package script '/home/noobinventor/parc_ws/src/install/parc_robot_gazebo/share/parc_robot_gazebo/package.ps1'
[4.100s] INFO:colcon.colcon_core.shell:Creating package descriptor '/home/noobinventor/parc_ws/src/install/parc_robot_gazebo/share/parc_robot_gazebo/package.dsv'
[4.100s] INFO:colcon.colcon_core.shell:Creating package script '/home/noobinventor/parc_ws/src/install/parc_robot_gazebo/share/parc_robot_gazebo/package.sh'
[4.100s] INFO:colcon.colcon_core.shell:Creating package script '/home/noobinventor/parc_ws/src/install/parc_robot_gazebo/share/parc_robot_gazebo/package.bash'
[4.100s] INFO:colcon.colcon_core.shell:Creating package script '/home/noobinventor/parc_ws/src/install/parc_robot_gazebo/share/parc_robot_gazebo/package.zsh'
[4.100s] Level 1:colcon.colcon_core.environment:create_file_with_runtime_dependencies(/home/noobinventor/parc_ws/src/install/parc_robot_gazebo/share/colcon-core/packages/parc_robot_gazebo)
[4.100s] DEBUG:colcon.colcon_parallel_executor.executor.parallel:closing loop
[4.101s] DEBUG:colcon.colcon_parallel_executor.executor.parallel:loop closed
[4.101s] DEBUG:colcon.colcon_parallel_executor.executor.parallel:run_until_complete finished with '0'
[4.101s] DEBUG:colcon.colcon_core.event_reactor:joining thread
[4.121s] INFO:colcon.colcon_core.plugin_system:Skipping extension 'colcon_notification.desktop_notification.terminal_notifier': Not used on non-Darwin systems
[4.121s] INFO:colcon.colcon_core.plugin_system:Skipping extension 'colcon_notification.desktop_notification.win32': Not used on non-Windows systems
[4.121s] INFO:colcon.colcon_notification.desktop_notification:Sending desktop notification using 'notify2'
[4.124s] DEBUG:colcon.colcon_core.event_reactor:joined thread
[4.135s] INFO:colcon.colcon_core.shell:Creating prefix script '/home/noobinventor/parc_ws/src/install/local_setup.ps1'
[4.136s] INFO:colcon.colcon_core.shell:Creating prefix util module '/home/noobinventor/parc_ws/src/install/_local_setup_util_ps1.py'
[4.137s] INFO:colcon.colcon_core.shell:Creating prefix chain script '/home/noobinventor/parc_ws/src/install/setup.ps1'
[4.149s] INFO:colcon.colcon_core.shell:Creating prefix script '/home/noobinventor/parc_ws/src/install/local_setup.sh'
[4.149s] INFO:colcon.colcon_core.shell:Creating prefix util module '/home/noobinventor/parc_ws/src/install/_local_setup_util_sh.py'
[4.149s] INFO:colcon.colcon_core.shell:Creating prefix chain script '/home/noobinventor/parc_ws/src/install/setup.sh'
[4.161s] INFO:colcon.colcon_core.shell:Creating prefix script '/home/noobinventor/parc_ws/src/install/local_setup.bash'
[4.161s] INFO:colcon.colcon_core.shell:Creating prefix chain script '/home/noobinventor/parc_ws/src/install/setup.bash'
[4.174s] INFO:colcon.colcon_core.shell:Creating prefix script '/home/noobinventor/parc_ws/src/install/local_setup.zsh'
[4.174s] INFO:colcon.colcon_core.shell:Creating prefix chain script '/home/noobinventor/parc_ws/src/install/setup.zsh'
