[2.115s] Invoking command in '/home/noobinventor/parc_ws/src/build/parc_robot_control': PYTHONPATH=/home/noobinventor/parc_ws/src/build/parc_robot_control/prefix_override:/home/noobinventor/parc_ws/src/install/parc_robot_control/lib/python3.10/site-packages:${PYTHONPATH} /usr/bin/python3 setup.py develop --editable --build-directory /home/noobinventor/parc_ws/src/build/parc_robot_control/build --no-deps install_data
[2.377s] running develop
[2.567s] running egg_info
[2.567s] creating parc_robot_control.egg-info
[2.567s] writing parc_robot_control.egg-info/PKG-INFO
[2.567s] writing dependency_links to parc_robot_control.egg-info/dependency_links.txt
[2.567s] writing entry points to parc_robot_control.egg-info/entry_points.txt
[2.567s] writing requirements to parc_robot_control.egg-info/requires.txt
[2.567s] writing top-level names to parc_robot_control.egg-info/top_level.txt
[2.568s] writing manifest file 'parc_robot_control.egg-info/SOURCES.txt'
[2.569s] reading manifest file 'parc_robot_control.egg-info/SOURCES.txt'
[2.569s] writing manifest file 'parc_robot_control.egg-info/SOURCES.txt'
[2.593s] running build_ext
[2.593s] Creating /home/noobinventor/parc_ws/src/install/parc_robot_control/lib/python3.10/site-packages/parc-robot-control.egg-link (link to .)
[2.594s] 
[2.594s] Installed /home/noobinventor/parc_ws/src/build/parc_robot_control
[2.594s] running install_data
[2.594s] creating /home/noobinventor/parc_ws/src/install/parc_robot_control/share/ament_index
[2.594s] creating /home/noobinventor/parc_ws/src/install/parc_robot_control/share/ament_index/resource_index
[2.594s] creating /home/noobinventor/parc_ws/src/install/parc_robot_control/share/ament_index/resource_index/packages
[2.594s] copying resource/parc_robot_control -> /home/noobinventor/parc_ws/src/install/parc_robot_control/share/ament_index/resource_index/packages
[2.595s] copying package.xml -> /home/noobinventor/parc_ws/src/install/parc_robot_control/share/parc_robot_control
[2.632s] Invoked command in '/home/noobinventor/parc_ws/src/build/parc_robot_control' returned '0': PYTHONPATH=/home/noobinventor/parc_ws/src/build/parc_robot_control/prefix_override:/home/noobinventor/parc_ws/src/install/parc_robot_control/lib/python3.10/site-packages:${PYTHONPATH} /usr/bin/python3 setup.py develop --editable --build-directory /home/noobinventor/parc_ws/src/build/parc_robot_control/build --no-deps install_data
